# Preference setting overrides
gui_create_pref_key -category {Globals} -key {load_detail_for_funcov} -value_type {bool} -value {false}

# State setting overrides
gui_state_default_create -off -ini
gui_set_state_value -category Globals -key recent_databases -value {{gui_open_db -file vcdplus.vpd} {gui_open_db -file inter.vpd}}
gui_set_state_value -category Layout -key child_assertion_size_x -value 1365
gui_set_state_value -category Layout -key child_assertion_size_y -value 147
gui_set_state_value -category Layout -key child_console_size_x -value 1919
gui_set_state_value -category Layout -key child_console_size_y -value 163
gui_set_state_value -category Layout -key child_data_coltype -value 215
gui_set_state_value -category Layout -key child_data_colvalue -value 149
gui_set_state_value -category Layout -key child_data_colvariable -value 326
gui_set_state_value -category Layout -key child_data_size_x -value 676
gui_set_state_value -category Layout -key child_data_size_y -value 733
gui_set_state_value -category Layout -key child_driver_size_x -value 1623
gui_set_state_value -category Layout -key child_driver_size_y -value 179
gui_set_state_value -category Layout -key child_hier_col3 -value {-1}
gui_set_state_value -category Layout -key child_hier_colhier -value 362
gui_set_state_value -category Layout -key child_hier_colpd -value 0
gui_set_state_value -category Layout -key child_hier_coltype -value 58
gui_set_state_value -category Layout -key child_hier_size_x -value 272
gui_set_state_value -category Layout -key child_hier_size_y -value 733
gui_set_state_value -category Layout -key child_hier_sort_order -value 1
gui_set_state_value -category Layout -key child_source_docknewline -value false
gui_set_state_value -category Layout -key child_source_pos_x -value {-2}
gui_set_state_value -category Layout -key child_source_pos_y -value {-15}
gui_set_state_value -category Layout -key child_source_size_x -value 974
gui_set_state_value -category Layout -key child_source_size_y -value 728
gui_set_state_value -category Layout -key child_wave_colname -value 267
gui_set_state_value -category Layout -key child_wave_colvalue -value 267
gui_set_state_value -category Layout -key child_wave_left -value 538
gui_set_state_value -category Layout -key child_wave_right -value 1313
gui_set_state_value -category Layout -key main_pos_x -value 0
gui_set_state_value -category Layout -key main_pos_y -value 51
gui_set_state_value -category Layout -key main_size_x -value 1919
gui_set_state_value -category Layout -key main_size_y -value 1028
gui_set_state_value -category Layout -key stand_source_child_pos_x -value {-2}
gui_set_state_value -category Layout -key stand_source_child_pos_y -value {-15}
gui_set_state_value -category Layout -key stand_source_child_size_x -value 675
gui_set_state_value -category Layout -key stand_source_child_size_y -value 362
gui_set_state_value -category Layout -key stand_wave_child_docknewline -value false
gui_set_state_value -category Layout -key stand_wave_child_pos_x -value {-2}
gui_set_state_value -category Layout -key stand_wave_child_pos_y -value {-15}
gui_set_state_value -category Layout -key stand_wave_child_size_x -value 1861
gui_set_state_value -category Layout -key stand_wave_child_size_y -value 859
gui_set_state_value -category Layout -key stand_wave_top_pos_x -value 5
gui_set_state_value -category Layout -key stand_wave_top_pos_y -value 78
gui_set_state_value -category Layout -key stand_wave_top_size_x -value 1861
gui_set_state_value -category Layout -key stand_wave_top_size_y -value 1023
gui_set_state_value -category Assertion -key show_assertion_type -value all
gui_set_state_value -category Assertion -key show_cover_type -value not_covered
gui_set_state_value -category Driver -key driver_add_to_wave -value true
gui_create_state_key -category FindDialog -key m_pMatchCase -value_type bool -value false
gui_create_state_key -category FindDialog -key m_pMatchWord -value_type bool -value false
gui_create_state_key -category FindDialog -key m_pUseCombo -value_type string -value {}
gui_create_state_key -category FindDialog -key m_pWrapAround -value_type bool -value true
gui_state_default_create -off

# Begin command logging
gui_set_pref_value -category {Globals} -key {smart_resize} -value {false}
gui_set_pref_value -category {Globals} -key {smart_resize} -value {true}
gui_sim_run Ucli -exe ./gen_exe_apb_write_verify_test -args {-ucligui  +UVM_TESTNAME=apb_write_verify_test +UVM_VERBOSITY=UVM_DEBUG} -dir .
gui_list_expand -id  Hier.1   top
gui_list_expand -id  Hier.1   top.apb_slave_if
gui_list_expand -id  Hier.1   top.DUT
gui_list_collapse -id  Hier.1   top.DUT
gui_list_expand -id  Hier.1   top.DUT
gui_list_select -id Hier.1 -current_item_name top.DUT.cycle_reporting -current_item_type Scope  -selected  { top.DUT.cycle_reporting   }
gui_list_select -id Data.1 -selected  { {top.DUT.cycle_reporting.clocks[31:0]}   }
gui_list_select -id Hier.1 -current_item_name top.DUT -current_item_type Scope  -selected  { top.DUT   }
gui_list_action -id  Hier.1 top.DUT
gui_list_select -id Hier.1 -current_item_name top.DUT.cycle_reporting -current_item_type Scope  -selected  { top.DUT.cycle_reporting   }
gui_list_expand -id Hier.1   top.DUT.cycle_reporting
gui_list_action -id  Hier.1 top.DUT.cycle_reporting
gui_open_window Wave
gui_list_add -id Wave.1 -from Data.1 { {top.DUT.cycle_reporting.clocks[31:0]} } -insertionbar
gui_sim_continue  
gui_sim_stop 
gui_wv_scroll_hslidermove -id  Wave.1 262
gui_wv_scroll_hslidermove -id  Wave.1 262
gui_close_window -window TopLevel.2
