Error in line 1 of JSON file 'settings.json': Expecting property name enclosed in double quotes: line 2 column 1 (char 2)
Error in line 2 of JSON file 'settings.json': Extra data: line 1 column 10 (char 9)
Error in line 3 of JSON file 'settings.json': Expecting property name enclosed in double quotes: line 2 column 1 (char 5)
Error in line 4 of JSON file 'settings.json': Extra data: line 1 column 17 (char 16)
Error in line 5 of JSON file 'settings.json': Extra data: line 1 column 21 (char 20)
Error in line 6 of JSON file 'settings.json': Extra data: line 1 column 20 (char 19)
Error in line 7 of JSON file 'settings.json': Extra data: line 1 column 16 (char 15)
Error in line 8 of JSON file 'settings.json': Extra data: line 1 column 16 (char 15)
Error in line 9 of JSON file 'settings.json': Extra data: line 1 column 16 (char 15)
Error in line 10 of JSON file 'settings.json': Expecting property name enclosed in double quotes: line 2 column 1 (char 19)
Error in line 11 of JSON file 'settings.json': Extra data: line 1 column 17 (char 16)
Error in line 12 of JSON file 'settings.json': Expecting property name enclosed in double quotes: line 2 column 1 (char 22)
Error in line 13 of JSON file 'settings.json': Extra data: line 1 column 29 (char 28)
Error in line 14 of JSON file 'settings.json': Extra data: line 1 column 30 (char 29)
Error in line 15 of JSON file 'settings.json': Extra data: line 1 column 28 (char 27)
Error in line 16 of JSON file 'settings.json': Extra data: line 1 column 33 (char 32)
Error in line 17 of JSON file 'settings.json': Extra data: line 1 column 31 (char 30)
Error in line 18 of JSON file 'settings.json': Expecting value: line 1 column 16 (char 15)
Error in line 19 of JSON file 'settings.json': Extra data: line 1 column 17 (char 16)
Error in line 20 of JSON file 'settings.json': Expecting property name enclosed in double quotes: line 2 column 1 (char 22)
Error in line 21 of JSON file 'settings.json': Extra data: line 1 column 29 (char 28)
Error in line 22 of JSON file 'settings.json': Extra data: line 1 column 29 (char 28)
Error in line 23 of JSON file 'settings.json': Expecting value: line 1 column 16 (char 15)
Error in line 24 of JSON file 'settings.json': Expecting value: line 1 column 10 (char 9)
Error in line 25 of JSON file 'settings.json': Expecting value: line 1 column 3 (char 2)
Error in line 26 of JSON file 'settings.json': Expecting property name enclosed in double quotes: line 2 column 1 (char 4)
Error in line 27 of JSON file 'settings.json': Extra data: line 1 column 17 (char 16)
Error in line 28 of JSON file 'settings.json': Extra data: line 1 column 21 (char 20)
Error in line 29 of JSON file 'settings.json': Extra data: line 1 column 19 (char 18)
Error in line 30 of JSON file 'settings.json': Extra data: line 1 column 21 (char 20)
Error in line 31 of JSON file 'settings.json': Extra data: line 1 column 16 (char 15)
Error in line 32 of JSON file 'settings.json': Expecting property name enclosed in double quotes: line 2 column 1 (char 18)
Error in line 33 of JSON file 'settings.json': Extra data: line 1 column 25 (char 24)
Error in line 34 of JSON file 'settings.json': Expecting property name enclosed in double quotes: line 2 column 1 (char 22)
Error in line 35 of JSON file 'settings.json': Extra data: line 1 column 29 (char 28)
Error in line 36 of JSON file 'settings.json': Extra data: line 1 column 30 (char 29)
Error in line 37 of JSON file 'settings.json': Extra data: line 1 column 28 (char 27)
Error in line 38 of JSON file 'settings.json': Extra data: line 1 column 33 (char 32)
Error in line 39 of JSON file 'settings.json': Extra data: line 1 column 31 (char 30)
Error in line 40 of JSON file 'settings.json': Expecting value: line 1 column 16 (char 15)
Error in line 41 of JSON file 'settings.json': Extra data: line 1 column 17 (char 16)
Error in line 42 of JSON file 'settings.json': Expecting property name enclosed in double quotes: line 2 column 1 (char 22)
Error in line 43 of JSON file 'settings.json': Extra data: line 1 column 29 (char 28)
Error in line 44 of JSON file 'settings.json': Extra data: line 1 column 29 (char 28)
Error in line 45 of JSON file 'settings.json': Expecting value: line 1 column 16 (char 15)
Error in line 46 of JSON file 'settings.json': Expecting value: line 1 column 10 (char 9)
Error in line 47 of JSON file 'settings.json': Expecting value: line 1 column 4 (char 3)
Error in line 48 of JSON file 'settings.json': Expecting property name enclosed in double quotes: line 2 column 1 (char 5)
Error in line 49 of JSON file 'settings.json': Extra data: line 1 column 17 (char 16)
Error in line 50 of JSON file 'settings.json': Extra data: line 1 column 22 (char 21)
Error in line 51 of JSON file 'settings.json': Extra data: line 1 column 21 (char 20)
Error in line 52 of JSON file 'settings.json': Extra data: line 1 column 17 (char 16)
Error in line 53 of JSON file 'settings.json': Expecting value: line 1 column 4 (char 3)
Error in line 54 of JSON file 'settings.json': Expecting value: line 1 column 2 (char 1)
Error in line 55 of JSON file 'settings.json': Expecting value: line 1 column 1 (char 0)
Error in line 56 of JSON file 'settings.json': Expecting value: line 2 column 1 (char 1)
Error in line 57 of JSON file 'settings.json': Expecting value: line 2 column 1 (char 1)
Error in line 58 of JSON file 'settings.json': Expecting value: line 2 column 1 (char 16)
Error in line 59 of JSON file 'settings.json': Expecting value: line 2 column 1 (char 1)
Error in line 60 of JSON file 'settings.json': Expecting value: line 2 column 1 (char 3)
Error: [Errno 2] No such file or directory: 'setting.json'
2024-04-01 10:32:01 - Error: [Errno 2] No such file or directory: 'setting.json'
2024-04-01 10:34:36 - Error: [Errno 2] No such file or directory: 'setting.json'
2024-04-01 10:36:15 - Error in line 1 of JSON file 'settings.json': Expecting property name enclosed in double quotes: line 2 column 1 (char 2)
2024-04-01 10:36:15 - Error in line 2 of JSON file 'settings.json': Extra data: line 1 column 10 (char 9)
2024-04-01 10:36:15 - Error in line 3 of JSON file 'settings.json': Expecting property name enclosed in double quotes: line 2 column 1 (char 5)
2024-04-01 10:36:15 - Error in line 4 of JSON file 'settings.json': Extra data: line 1 column 17 (char 16)
2024-04-01 10:36:15 - Error in line 5 of JSON file 'settings.json': Extra data: line 1 column 21 (char 20)
2024-04-01 10:36:15 - Error in line 6 of JSON file 'settings.json': Extra data: line 1 column 20 (char 19)
2024-04-01 10:36:15 - Error in line 7 of JSON file 'settings.json': Extra data: line 1 column 16 (char 15)
2024-04-01 10:36:15 - Error in line 8 of JSON file 'settings.json': Extra data: line 1 column 16 (char 15)
2024-04-01 10:36:15 - Error in line 9 of JSON file 'settings.json': Extra data: line 1 column 16 (char 15)
2024-04-01 10:36:15 - Error in line 10 of JSON file 'settings.json': Expecting property name enclosed in double quotes: line 2 column 1 (char 19)
2024-04-01 10:36:15 - Error in line 11 of JSON file 'settings.json': Extra data: line 1 column 17 (char 16)
2024-04-01 10:36:15 - Error in line 12 of JSON file 'settings.json': Expecting property name enclosed in double quotes: line 2 column 1 (char 22)
2024-04-01 10:36:15 - Error in line 13 of JSON file 'settings.json': Extra data: line 1 column 29 (char 28)
2024-04-01 10:36:15 - Error in line 14 of JSON file 'settings.json': Extra data: line 1 column 30 (char 29)
2024-04-01 10:36:15 - Error in line 15 of JSON file 'settings.json': Extra data: line 1 column 28 (char 27)
2024-04-01 10:36:15 - Error in line 16 of JSON file 'settings.json': Extra data: line 1 column 33 (char 32)
2024-04-01 10:36:15 - Error in line 17 of JSON file 'settings.json': Extra data: line 1 column 31 (char 30)
2024-04-01 10:36:15 - Error in line 18 of JSON file 'settings.json': Expecting value: line 1 column 16 (char 15)
2024-04-01 10:36:15 - Error in line 19 of JSON file 'settings.json': Extra data: line 1 column 17 (char 16)
2024-04-01 10:36:15 - Error in line 20 of JSON file 'settings.json': Expecting property name enclosed in double quotes: line 2 column 1 (char 22)
2024-04-01 10:36:15 - Error in line 21 of JSON file 'settings.json': Extra data: line 1 column 29 (char 28)
2024-04-01 10:36:15 - Error in line 22 of JSON file 'settings.json': Extra data: line 1 column 29 (char 28)
2024-04-01 10:36:15 - Error in line 23 of JSON file 'settings.json': Expecting value: line 1 column 16 (char 15)
2024-04-01 10:36:15 - Error in line 24 of JSON file 'settings.json': Expecting value: line 1 column 10 (char 9)
2024-04-01 10:36:15 - Error in line 25 of JSON file 'settings.json': Expecting value: line 1 column 3 (char 2)
2024-04-01 10:36:15 - Error in line 26 of JSON file 'settings.json': Expecting property name enclosed in double quotes: line 2 column 1 (char 4)
2024-04-01 10:36:15 - Error in line 27 of JSON file 'settings.json': Extra data: line 1 column 17 (char 16)
2024-04-01 10:36:15 - Error in line 28 of JSON file 'settings.json': Extra data: line 1 column 21 (char 20)
2024-04-01 10:36:15 - Error in line 29 of JSON file 'settings.json': Extra data: line 1 column 19 (char 18)
2024-04-01 10:36:15 - Error in line 30 of JSON file 'settings.json': Extra data: line 1 column 21 (char 20)
2024-04-01 10:36:15 - Error in line 31 of JSON file 'settings.json': Extra data: line 1 column 16 (char 15)
2024-04-01 10:36:15 - Error in line 32 of JSON file 'settings.json': Expecting property name enclosed in double quotes: line 2 column 1 (char 18)
2024-04-01 10:36:15 - Error in line 33 of JSON file 'settings.json': Extra data: line 1 column 25 (char 24)
2024-04-01 10:36:15 - Error in line 34 of JSON file 'settings.json': Expecting property name enclosed in double quotes: line 2 column 1 (char 22)
2024-04-01 10:36:15 - Error in line 35 of JSON file 'settings.json': Extra data: line 1 column 29 (char 28)
2024-04-01 10:36:15 - Error in line 36 of JSON file 'settings.json': Extra data: line 1 column 30 (char 29)
2024-04-01 10:36:15 - Error in line 37 of JSON file 'settings.json': Extra data: line 1 column 28 (char 27)
2024-04-01 10:36:15 - Error in line 38 of JSON file 'settings.json': Extra data: line 1 column 33 (char 32)
2024-04-01 10:36:15 - Error in line 39 of JSON file 'settings.json': Extra data: line 1 column 31 (char 30)
2024-04-01 10:36:15 - Error in line 40 of JSON file 'settings.json': Expecting value: line 1 column 16 (char 15)
2024-04-01 10:36:15 - Error in line 41 of JSON file 'settings.json': Extra data: line 1 column 17 (char 16)
2024-04-01 10:36:15 - Error in line 42 of JSON file 'settings.json': Expecting property name enclosed in double quotes: line 2 column 1 (char 22)
2024-04-01 10:36:15 - Error in line 43 of JSON file 'settings.json': Extra data: line 1 column 29 (char 28)
2024-04-01 10:36:15 - Error in line 44 of JSON file 'settings.json': Extra data: line 1 column 29 (char 28)
2024-04-01 10:36:15 - Error in line 45 of JSON file 'settings.json': Expecting value: line 1 column 16 (char 15)
2024-04-01 10:36:15 - Error in line 46 of JSON file 'settings.json': Expecting value: line 1 column 10 (char 9)
2024-04-01 10:36:15 - Error in line 47 of JSON file 'settings.json': Expecting value: line 1 column 4 (char 3)
2024-04-01 10:36:15 - Error in line 48 of JSON file 'settings.json': Expecting property name enclosed in double quotes: line 2 column 1 (char 5)
2024-04-01 10:36:15 - Error in line 49 of JSON file 'settings.json': Extra data: line 1 column 17 (char 16)
2024-04-01 10:36:15 - Error in line 50 of JSON file 'settings.json': Extra data: line 1 column 22 (char 21)
2024-04-01 10:36:15 - Error in line 51 of JSON file 'settings.json': Extra data: line 1 column 21 (char 20)
2024-04-01 10:36:15 - Error in line 52 of JSON file 'settings.json': Extra data: line 1 column 17 (char 16)
2024-04-01 10:36:15 - Error in line 53 of JSON file 'settings.json': Expecting value: line 1 column 4 (char 3)
2024-04-01 10:36:15 - Error in line 54 of JSON file 'settings.json': Expecting value: line 1 column 2 (char 1)
2024-04-01 10:36:15 - Error in line 55 of JSON file 'settings.json': Expecting value: line 1 column 1 (char 0)
2024-04-01 10:36:15 - Error in line 56 of JSON file 'settings.json': Expecting value: line 2 column 1 (char 1)
2024-04-01 10:36:15 - Error in line 57 of JSON file 'settings.json': Expecting value: line 2 column 1 (char 1)
2024-04-01 10:36:15 - Error in line 58 of JSON file 'settings.json': Expecting value: line 2 column 1 (char 16)
2024-04-01 10:36:15 - Error in line 59 of JSON file 'settings.json': Expecting value: line 2 column 1 (char 1)
2024-04-01 10:36:15 - Error in line 60 of JSON file 'settings.json': Expecting value: line 2 column 1 (char 3)
2024-04-01 10:40:27 - Error in JSON file 'settings.json': Expecting ',' delimiter: line 8 column 5 (char 277)
2024-04-01 10:47:25 - Error: Expecting ',' delimiter: line 8 column 5 (char 277)
2024-04-01 10:51:32 - Error: Expecting ',' delimiter: line 8 column 5 (char 277)
2024-04-01 10:51:44 - successfully checked
2024-04-01 10:52:07 - successfully checked
2024-04-01 10:55:21 - settings.json is successfully checked
2024-04-03 12:03:54 - testData.json is successfully checked
2024-04-03 12:04:13 - Error: Expecting ',' delimiter: line 7 column 5 (char 169)
2024-04-03 12:04:51 - testData.json is successfully checked
2024-04-03 12:05:15 - testData.json is successfully checked
2024-04-03 12:05:51 - Error: [Errno 2] No such file or directory: 'testData1.json'
