2024-04-04 11:07:56 - testData.json is successfully checked
2024-04-04 11:11:16 - testData.json is successfully checked
2024-04-04 17:43:18 - The founded targets are:
 ['gen_exe_apb_write_verify_test', 'gen_exe_apb_base_test', 'gen_exe_apb_write_verify_error_test', 'gen_exe_apb_random_read_write_override_test']
2024-04-05 10:20:42 - The founded targets are:
 ['gen_exe_apb_write_verify_test', 'gen_exe_apb_base_test', 'gen_exe_apb_write_verify_error_test', 'gen_exe_apb_random_read_write_override_test']
2024-04-05 10:21:16 - The founded targets are:
 ['gen_exe_apb_write_verify_test', 'gen_exe_apb_base_test', 'gen_exe_apb_write_verify_error_test', 'gen_exe_apb_random_read_write_override_test']
2024-04-05 10:23:35 - The founded targets are:
 ['gen_exe_apb_write_verify_test', 'gen_exe_apb_base_test', 'gen_exe_apb_write_verify_error_test', 'gen_exe_apb_random_read_write_override_test']
2024-04-05 10:26:32 - The founded targets are:
 ['gen_exe_apb_write_verify_test', 'gen_exe_apb_base_test', 'gen_exe_apb_write_verify_error_test', 'gen_exe_apb_random_read_write_override_test']
2024-04-05 10:27:37 - The founded targets are:
 ['gen_exe_apb_write_verify_test', 'gen_exe_apb_base_test', 'gen_exe_apb_write_verify_error_test', 'gen_exe_apb_random_read_write_override_test']
2024-04-05 10:28:31 - The founded targets are:
 ['gen_exe_apb_write_verify_test', 'gen_exe_apb_base_test', 'gen_exe_apb_write_verify_error_test', 'gen_exe_apb_random_read_write_override_test']
2024-04-05 10:29:34 - The founded targets are:
 ['gen_exe_apb_write_verify_test', 'gen_exe_apb_base_test', 'gen_exe_apb_write_verify_error_test', 'gen_exe_apb_random_read_write_override_test']
2024-04-05 10:30:28 - The founded targets are:
 ['gen_exe_apb_write_verify_test', 'gen_exe_apb_base_test', 'gen_exe_apb_write_verify_error_test', 'gen_exe_apb_random_read_write_override_test']
2024-04-05 10:30:51 - The founded targets are:
 ['gen_exe_apb_write_verify_test', 'gen_exe_apb_base_test', 'gen_exe_apb_write_verify_error_test', 'gen_exe_apb_random_read_write_override_test']
2024-04-05 10:31:38 - The founded targets are:
 ['gen_exe_apb_write_verify_test', 'gen_exe_apb_base_test', 'gen_exe_apb_write_verify_error_test', 'gen_exe_apb_random_read_write_override_test']
2024-04-05 10:32:06 - The founded targets are:
 ['gen_exe_apb_write_verify_test', 'gen_exe_apb_base_test', 'gen_exe_apb_write_verify_error_test', 'gen_exe_apb_random_read_write_override_test']
2024-04-05 10:33:28 - The founded targets are:
 ['gen_exe_apb_write_verify_test', 'gen_exe_apb_base_test', 'gen_exe_apb_write_verify_error_test', 'gen_exe_apb_random_read_write_override_test']
2024-04-05 10:34:49 - The founded targets are:
 ['gen_exe_apb_write_verify_test', 'gen_exe_apb_base_test', 'gen_exe_apb_write_verify_error_test', 'gen_exe_apb_random_read_write_override_test']
2024-04-05 10:39:12 - The founded targets are:
 ['gen_exe_apb_write_verify_test', 'gen_exe_apb_base_test', 'gen_exe_apb_write_verify_error_test', 'gen_exe_apb_random_read_write_override_test']
2024-04-05 10:39:48 - The founded targets are:
 ['gen_exe_apb_write_verify_test', 'gen_exe_apb_base_test', 'gen_exe_apb_write_verify_error_test', 'gen_exe_apb_random_read_write_override_test']
2024-04-05 10:41:32 - The founded targets are:
 ['gen_exe_apb_write_verify_test', 'gen_exe_apb_base_test', 'gen_exe_apb_write_verify_error_test', 'gen_exe_apb_random_read_write_override_test']
2024-04-05 10:44:18 - The founded targets are:
 ['gen_exe_apb_write_verify_test', 'gen_exe_apb_base_test', 'gen_exe_apb_write_verify_error_test', 'gen_exe_apb_random_read_write_override_test']
2024-04-05 10:44:31 - The founded targets are:
 ['gen_exe_apb_write_verify_test', 'gen_exe_apb_base_test', 'gen_exe_apb_write_verify_error_test', 'gen_exe_apb_random_read_write_override_test']
2024-04-05 10:45:43 - The founded targets are:
 ['gen_exe_apb_write_verify_test', 'gen_exe_apb_base_test', 'gen_exe_apb_write_verify_error_test', 'gen_exe_apb_random_read_write_override_test']
2024-04-05 10:46:17 - The founded targets are:
 ['gen_exe_apb_write_verify_test', 'gen_exe_apb_base_test', 'gen_exe_apb_write_verify_error_test', 'gen_exe_apb_random_read_write_override_test']
2024-04-05 10:46:55 - The founded targets are:
 ['gen_exe_apb_write_verify_test', 'gen_exe_apb_base_test', 'gen_exe_apb_write_verify_error_test', 'gen_exe_apb_random_read_write_override_test']
2024-04-05 10:48:07 - The founded targets are:
 ['gen_exe_apb_write_verify_test', 'gen_exe_apb_base_test', 'gen_exe_apb_write_verify_error_test', 'gen_exe_apb_random_read_write_override_test']
2024-04-05 10:48:28 - The founded targets are:
 ['gen_exe_apb_write_verify_test', 'gen_exe_apb_base_test', 'gen_exe_apb_write_verify_error_test', 'gen_exe_apb_random_read_write_override_test']
2024-04-05 10:59:21 - The founded targets are:
 ['gen_exe_apb_write_verify_test', 'gen_exe_apb_base_test', 'gen_exe_apb_write_verify_error_test', 'gen_exe_apb_random_read_write_override_test']
2024-04-05 11:00:26 - The founded targets are:
 ['gen_exe_apb_write_verify_test', 'gen_exe_apb_base_test', 'gen_exe_apb_write_verify_error_test', 'gen_exe_apb_random_read_write_override_test']
2024-04-05 11:02:52 - The founded targets are:
 ['gen_exe_apb_write_verify_test', 'gen_exe_apb_base_test', 'gen_exe_apb_write_verify_error_test', 'gen_exe_apb_random_read_write_override_test']
2024-04-05 11:03:17 - The founded targets are:
 ['gen_exe_apb_write_verify_test', 'gen_exe_apb_base_test', 'gen_exe_apb_write_verify_error_test', 'gen_exe_apb_random_read_write_override_test']
2024-04-05 11:04:25 - The founded targets are:
 ['gen_exe_apb_write_verify_test', 'gen_exe_apb_base_test', 'gen_exe_apb_write_verify_error_test', 'gen_exe_apb_random_read_write_override_test']
2024-04-05 11:08:24 - The founded targets are:
 ['gen_exe_apb_base_test', 'gen_exe_apb_write_verify_error_test', 'gen_exe_apb_random_read_write_override_test']
2024-04-05 11:08:50 - The founded targets are:
 ['gen_exe_apb_base_test', 'gen_exe_apb_write_verify_error_test', 'gen_exe_apb_random_read_write_override_test']
2024-04-05 11:09:51 - The founded targets are:
 ['gen_exe_apb_base_test', 'gen_exe_apb_write_verify_error_test', 'gen_exe_apb_random_read_write_override_test']
2024-04-05 11:10:27 - The founded targets are:
 ['gen_exe_apb_write_verify_test', 'gen_exe_apb_base_test', 'gen_exe_apb_write_verify_error_test', 'gen_exe_apb_random_read_write_override_test']
2024-04-05 11:11:11 - The founded targets are:
 ['gen_exe_apb_write_verify_test', 'gen_exe_apb_base_test', 'gen_exe_apb_write_verify_error_test', 'gen_exe_apb_random_read_write_override_test']
2024-04-05 11:13:39 - The founded targets are:
 ['gen_exe_apb_write_verify_test', 'gen_exe_apb_base_test', 'gen_exe_apb_write_verify_error_test', 'gen_exe_apb_random_read_write_override_test']
2024-04-05 11:14:48 - The founded targets are:
 ['gen_exe_apb_write_verify_test', 'gen_exe_apb_base_test', 'gen_exe_apb_write_verify_error_test', 'gen_exe_apb_random_read_write_override_test']
2024-04-05 11:14:58 - The founded targets are:
 ['gen_exe_apb_write_verify_test', 'gen_exe_apb_base_test', 'gen_exe_apb_write_verify_error_test', 'gen_exe_apb_random_read_write_override_test']
2024-04-05 11:17:59 - The founded targets are:
 ['gen_exe_apb_write_verify_test', 'gen_exe_apb_base_test', 'gen_exe_apb_write_verify_error_test', 'gen_exe_apb_random_read_write_override_test']
2024-04-05 11:18:50 - The founded targets are:
 ['gen_exe_apb_write_verify_test', 'gen_exe_apb_base_test', 'gen_exe_apb_write_verify_error_test', 'gen_exe_apb_random_read_write_override_test']
2024-04-05 11:19:30 - The founded targets are:
 ['gen_exe_apb_write_verify_test', 'gen_exe_apb_base_test', 'gen_exe_apb_write_verify_error_test', 'gen_exe_apb_random_read_write_override_test']
2024-04-05 11:19:58 - The founded targets are:
 ['gen_exe_apb_write_verify_test', 'gen_exe_apb_base_test', 'gen_exe_apb_write_verify_error_test', 'gen_exe_apb_random_read_write_override_test']
2024-04-05 11:55:03 - The founded targets are:
 []
2024-04-05 11:55:36 - The founded targets are:
 ['gen_exe_apb_write_verify_test', 'gen_exe_apb_base_test', 'gen_exe_apb_write_verify_error_test']
2024-04-05 11:56:00 - The founded targets are:
 ['gen_exe_apb_write_verify_test', 'gen_exe_apb_base_test', 'gen_exe_apb_write_verify_error_test']
2024-04-05 11:59:13 - The founded targets are:
 ['gen_exe_apb_write_verify_test', 'gen_exe_apb_base_test', 'gen_exe_apb_write_verify_error_test', 'gen_exe_apb_random_read_write_override_test']
2024-04-05 12:15:30 - The founded targets are:
 ['gen_exe_apb_write_verify_test', 'gen_exe_apb_base_test', 'gen_exe_apb_write_verify_error_test', 'gen_exe_apb_random_read_write_override_test']
2024-04-05 12:16:57 - The founded targets are:
 ['gen_exe_apb_write_verify_test', 'gen_exe_apb_base_test', 'gen_exe_apb_write_verify_error_test', 'gen_exe_apb_random_read_write_override_test']
2024-04-05 12:18:06 - The founded targets are:
 ['gen_exe_apb_write_verify_test', 'gen_exe_apb_base_test', 'gen_exe_apb_write_verify_error_test', 'gen_exe_apb_random_read_write_override_test']
2024-04-05 12:18:20 - The founded targets are:
 ['gen_exe_apb_write_verify_test', 'gen_exe_apb_base_test', 'gen_exe_apb_write_verify_error_test', 'gen_exe_apb_random_read_write_override_test']
2024-04-05 12:19:03 - The founded targets are:
 ['gen_exe_apb_write_verify_test', 'gen_exe_apb_base_test', 'gen_exe_apb_write_verify_error_test', 'gen_exe_apb_random_read_write_override_test']
2024-04-05 12:19:09 - The founded targets are:
 ['gen_exe_apb_write_verify_test', 'gen_exe_apb_base_test', 'gen_exe_apb_write_verify_error_test', 'gen_exe_apb_random_read_write_override_test']
2024-04-05 12:19:40 - The founded targets are:
 ['gen_exe_apb_write_verify_test', 'gen_exe_apb_base_test', 'gen_exe_apb_write_verify_error_test', 'gen_exe_apb_random_read_write_override_test']
2024-04-05 12:20:51 - The founded targets are:
 ['gen_exe_apb_write_verify_test', 'gen_exe_apb_base_test', 'gen_exe_apb_write_verify_error_test', 'gen_exe_apb_random_read_write_override_test']
2024-04-05 12:21:48 - The founded targets are:
 ['gen_exe_apb_write_verify_test', 'gen_exe_apb_base_test', 'gen_exe_apb_write_verify_error_test', 'gen_exe_apb_random_read_write_override_test']
2024-04-05 12:24:19 - The founded targets are:
 ['gen_exe_apb_write_verify_test', 'gen_exe_apb_base_test', 'gen_exe_apb_write_verify_error_test', 'gen_exe_apb_random_read_write_override_test']
2024-04-05 12:26:04 - The founded targets are:
 ['gen_exe_apb_write_verify_test', 'gen_exe_apb_base_test', 'gen_exe_apb_write_verify_error_test', 'gen_exe_apb_random_read_write_override_test']
2024-04-05 12:26:22 - The founded targets are:
 ['gen_exe_apb_write_verify_test', 'gen_exe_apb_base_test', 'gen_exe_apb_write_verify_error_test', 'gen_exe_apb_random_read_write_override_test']
2024-04-05 12:26:42 - The founded targets are:
 ['gen_exe_apb_write_verify_test', 'gen_exe_apb_base_test', 'gen_exe_apb_write_verify_error_test', 'gen_exe_apb_random_read_write_override_test']
2024-04-05 12:30:35 - The founded targets are:
 ['gen_exe_apb_write_verify_test', 'gen_exe_apb_base_test', 'gen_exe_apb_write_verify_error_test', 'gen_exe_apb_random_read_write_override_test']
2024-04-05 12:34:56 - The founded targets are:
 ['gen_exe_apb_write_verify_test', 'gen_exe_apb_base_test', 'gen_exe_apb_write_verify_error_test', 'gen_exe_apb_random_read_write_override_test']
2024-04-05 12:42:15 - The founded targets are:
 ['gen_exe_apb_write_verify_test', 'gen_exe_apb_base_test', 'gen_exe_apb_write_verify_error_test', 'gen_exe_apb_random_read_write_override_test']
2024-04-05 12:45:38 - The founded targets are:
 ['gen_exe_apb_write_verify_test', 'gen_exe_apb_base_test', 'gen_exe_apb_write_verify_error_test', 'gen_exe_apb_random_read_write_override_test']
2024-04-05 12:46:02 - The founded targets are:
 ['gen_exe_apb_write_verify_test', 'gen_exe_apb_base_test', 'gen_exe_apb_write_verify_error_test', 'gen_exe_apb_random_read_write_override_test']
2024-04-05 12:46:14 - The founded targets are:
 ['gen_exe_apb_write_verify_test', 'gen_exe_apb_base_test', 'gen_exe_apb_write_verify_error_test', 'gen_exe_apb_random_read_write_override_test']
2024-04-05 12:46:27 - The founded targets are:
 ['gen_exe_apb_write_verify_test', 'gen_exe_apb_base_test', 'gen_exe_apb_write_verify_error_test', 'gen_exe_apb_random_read_write_override_test']
2024-04-05 12:52:48 - The founded targets are:
 ['gen_exe_apb_write_verify_test', 'gen_exe_apb_base_test', 'gen_exe_apb_write_verify_error_test', 'gen_exe_apb_random_read_write_override_test']
2024-04-05 12:57:28 - The founded targets are:
 ['gen_exe_apb_write_verify_test', 'gen_exe_apb_base_test', 'gen_exe_apb_write_verify_error_test', 'gen_exe_apb_random_read_write_override_test']
2024-04-05 12:57:38 - The founded targets are:
 ['gen_exe_apb_write_verify_test', 'gen_exe_apb_base_test', 'gen_exe_apb_write_verify_error_test', 'gen_exe_apb_random_read_write_override_test']
2024-04-05 12:59:45 - The founded targets are:
 ['gen_exe_apb_write_verify_test', 'gen_exe_apb_base_test', 'gen_exe_apb_write_verify_error_test', 'gen_exe_apb_random_read_write_override_test']
2024-04-05 13:02:43 - The founded targets are:
 ['gen_exe_apb_write_verify_test', 'gen_exe_apb_base_test', 'gen_exe_apb_write_verify_error_test', 'gen_exe_apb_random_read_write_override_test']
2024-04-05 13:03:56 - The founded targets are:
 ['gen_exe_apb_write_verify_test', 'gen_exe_apb_base_test', 'gen_exe_apb_write_verify_error_test', 'gen_exe_apb_random_read_write_override_test']
2024-04-05 13:04:05 - The founded targets are:
 ['gen_exe_apb_write_verify_test', 'gen_exe_apb_base_test', 'gen_exe_apb_write_verify_error_test', 'gen_exe_apb_random_read_write_override_test']
2024-04-05 13:04:56 - The founded targets are:
 ['gen_exe_apb_write_verify_test', 'gen_exe_apb_base_test', 'gen_exe_apb_write_verify_error_test', 'gen_exe_apb_random_read_write_override_test']
2024-04-05 13:05:20 - The founded targets are:
 ['gen_exe_apb_write_verify_test', 'gen_exe_apb_base_test', 'gen_exe_apb_write_verify_error_test', 'gen_exe_apb_random_read_write_override_test']
2024-04-05 13:05:56 - The founded targets are:
 ['gen_exe_apb_write_verify_test', 'gen_exe_apb_base_test', 'gen_exe_apb_write_verify_error_test', 'gen_exe_apb_random_read_write_override_test']
2024-04-05 13:11:00 - The founded targets are:
 ['gen_exe_apb_write_verify_test', 'gen_exe_apb_base_test', 'gen_exe_apb_write_verify_error_test', 'gen_exe_apb_random_read_write_override_test']
2024-04-05 13:11:39 - The founded targets are:
 ['gen_exe_apb_write_verify_test', 'gen_exe_apb_base_test', 'gen_exe_apb_write_verify_error_test', 'gen_exe_apb_random_read_write_override_test']
2024-04-05 13:12:05 - The founded targets are:
 ['gen_exe_apb_write_verify_test', 'gen_exe_apb_base_test', 'gen_exe_apb_write_verify_error_test', 'gen_exe_apb_random_read_write_override_test']
2024-04-05 13:14:27 - The founded targets are:
 ['gen_exe_apb_write_verify_test', 'gen_exe_apb_base_test', 'gen_exe_apb_write_verify_error_test', 'gen_exe_apb_random_read_write_override_test']
2024-04-05 13:15:36 - The founded targets are:
 ['gen_exe_apb_write_verify_test', 'gen_exe_apb_base_test', 'gen_exe_apb_write_verify_error_test', 'gen_exe_apb_random_read_write_override_test']
2024-04-05 13:15:51 - The founded targets are:
 ['gen_exe_apb_write_verify_test', 'gen_exe_apb_base_test', 'gen_exe_apb_write_verify_error_test', 'gen_exe_apb_random_read_write_override_test']
2024-04-05 13:22:27 - The founded targets are:
 ['gen_exe_apb_write_verify_test', 'gen_exe_apb_base_test', 'gen_exe_apb_write_verify_error_test', 'gen_exe_apb_random_read_write_override_test']
2024-04-05 13:24:54 - The founded targets are:
 ['gen_exe_apb_write_verify_test', 'gen_exe_apb_base_test', 'gen_exe_apb_write_verify_error_test', 'gen_exe_apb_random_read_write_override_test']
2024-04-05 13:25:03 - The founded targets are:
 ['gen_exe_apb_write_verify_test', 'gen_exe_apb_base_test', 'gen_exe_apb_write_verify_error_test', 'gen_exe_apb_random_read_write_override_test']
2024-04-05 13:27:42 - The founded targets are:
 ['gen_exe_apb_write_verify_test', 'gen_exe_apb_base_test', 'gen_exe_apb_write_verify_error_test', 'gen_exe_apb_random_read_write_override_test']
2024-04-05 13:28:42 - The founded targets are:
 ['gen_exe_apb_write_verify_test', 'gen_exe_apb_base_test', 'gen_exe_apb_write_verify_error_test', 'gen_exe_apb_random_read_write_override_test']
2024-04-05 13:33:21 - The founded targets are:
 ['gen_exe_apb_write_verify_test', 'gen_exe_apb_base_test', 'gen_exe_apb_write_verify_error_test', 'gen_exe_apb_random_read_write_override_test']
2024-04-05 13:33:43 - The founded targets are:
 ['gen_exe_apb_write_verify_test', 'gen_exe_apb_base_test', 'gen_exe_apb_write_verify_error_test', 'gen_exe_apb_random_read_write_override_test']
2024-04-05 14:28:03 - The founded targets are:
 ['gen_exe_apb_write_verify_test', 'gen_exe_apb_base_test', 'gen_exe_apb_write_verify_error_test', 'gen_exe_apb_random_read_write_override_test']
2024-04-05 14:31:00 - The founded targets are:
 ['gen_exe_apb_write_verify_test', 'gen_exe_apb_base_test', 'gen_exe_apb_write_verify_error_test', 'gen_exe_apb_random_read_write_override_test']
2024-04-05 14:33:48 - The founded targets are:
 ['gen_exe_apb_write_verify_test', 'gen_exe_apb_base_test', 'gen_exe_apb_write_verify_error_test', 'gen_exe_apb_random_read_write_override_test']
2024-04-05 14:35:18 - The founded targets are:
 ['gen_exe_apb_write_verify_test', 'gen_exe_apb_base_test', 'gen_exe_apb_write_verify_error_test', 'gen_exe_apb_random_read_write_override_test']
2024-04-05 14:36:25 - The founded targets are:
 ['gen_exe_apb_write_verify_test', 'gen_exe_apb_base_test', 'gen_exe_apb_write_verify_error_test', 'gen_exe_apb_random_read_write_override_test']
2024-04-05 14:39:57 - The founded targets are:
 ['gen_exe_apb_write_verify_test', 'gen_exe_apb_base_test', 'gen_exe_apb_write_verify_error_test', 'gen_exe_apb_random_read_write_override_test']
2024-04-05 14:42:44 - The founded targets are:
 ['gen_exe_apb_write_verify_test', 'gen_exe_apb_base_test', 'gen_exe_apb_write_verify_error_test', 'gen_exe_apb_random_read_write_override_test']
2024-04-05 14:43:04 - The founded targets are:
 ['gen_exe_apb_write_verify_test', 'gen_exe_apb_base_test', 'gen_exe_apb_write_verify_error_test', 'gen_exe_apb_random_read_write_override_test']
2024-04-05 14:44:03 - The founded targets are:
 ['gen_exe_apb_write_verify_test', 'gen_exe_apb_base_test', 'gen_exe_apb_write_verify_error_test', 'gen_exe_apb_random_read_write_override_test']
2024-04-05 14:44:53 - The founded targets are:
 ['gen_exe_apb_write_verify_test', 'gen_exe_apb_base_test', 'gen_exe_apb_write_verify_error_test', 'gen_exe_apb_random_read_write_override_test']
2024-04-05 14:46:05 - The founded targets are:
 ['gen_exe_apb_write_verify_test', 'gen_exe_apb_base_test', 'gen_exe_apb_write_verify_error_test', 'gen_exe_apb_random_read_write_override_test']
2024-04-05 14:46:28 - The founded targets are:
 ['gen_exe_apb_write_verify_test', 'gen_exe_apb_base_test', 'gen_exe_apb_write_verify_error_test', 'gen_exe_apb_random_read_write_override_test']
2024-04-05 14:47:33 - The founded targets are:
 ['gen_exe_apb_write_verify_test', 'gen_exe_apb_base_test', 'gen_exe_apb_write_verify_error_test', 'gen_exe_apb_random_read_write_override_test']
2024-04-05 14:53:52 - The founded targets are:
 ['gen_exe_apb_write_verify_test', 'gen_exe_apb_base_test', 'gen_exe_apb_write_verify_error_test', 'gen_exe_apb_random_read_write_override_test']
2024-04-05 14:54:09 - The founded targets are:
 ['gen_exe_apb_write_verify_test', 'gen_exe_apb_base_test', 'gen_exe_apb_write_verify_error_test', 'gen_exe_apb_random_read_write_override_test']
2024-04-05 15:53:10 - The founded targets are:
 ['gen_exe_apb_write_verify_test', 'gen_exe_apb_base_test', 'gen_exe_apb_write_verify_error_test', 'gen_exe_apb_random_read_write_override_test']
2024-04-05 15:53:42 - The founded targets are:
 ['gen_exe_apb_write_verify_test', 'gen_exe_apb_base_test', 'gen_exe_apb_write_verify_error_test', 'gen_exe_apb_random_read_write_override_test']
2024-04-05 16:04:29 - The founded targets are:
 ['gen_exe_apb_write_verify_test', 'gen_exe_apb_base_test', 'gen_exe_apb_write_verify_error_test', 'gen_exe_apb_random_read_write_override_test']
2024-04-05 16:05:52 - The founded targets are:
 ['gen_exe_apb_write_verify_test', 'gen_exe_apb_base_test', 'gen_exe_apb_write_verify_error_test', 'gen_exe_apb_random_read_write_override_test']
2024-04-05 16:10:12 - The founded targets are:
 ['gen_exe_apb_write_verify_test', 'gen_exe_apb_base_test', 'gen_exe_apb_write_verify_error_test', 'gen_exe_apb_random_read_write_override_test']
2024-04-05 16:20:28 - The founded targets are:
 ['gen_exe_apb_write_verify_test', 'gen_exe_apb_base_test', 'gen_exe_apb_write_verify_error_test', 'gen_exe_apb_random_read_write_override_test']
2024-04-05 16:21:53 - The founded targets are:
 ['gen_exe_apb_write_verify_test', 'gen_exe_apb_base_test', 'gen_exe_apb_write_verify_error_test', 'gen_exe_apb_random_read_write_override_test']
2024-04-05 16:22:27 - The founded targets are:
 ['gen_exe_apb_write_verify_test', 'gen_exe_apb_base_test', 'gen_exe_apb_write_verify_error_test', 'gen_exe_apb_random_read_write_override_test']
2024-04-05 16:22:44 - The founded targets are:
 ['gen_exe_apb_write_verify_test', 'gen_exe_apb_base_test', 'gen_exe_apb_write_verify_error_test', 'gen_exe_apb_random_read_write_override_test']
2024-04-05 16:24:23 - The founded targets are:
 ['gen_exe_apb_write_verify_test', 'gen_exe_apb_base_test', 'gen_exe_apb_write_verify_error_test', 'gen_exe_apb_random_read_write_override_test']
2024-04-05 16:24:29 - The founded targets are:
 ['gen_exe_apb_write_verify_test', 'gen_exe_apb_base_test', 'gen_exe_apb_write_verify_error_test', 'gen_exe_apb_random_read_write_override_test']
2024-04-05 16:27:21 - The founded targets are:
 ['gen_exe_apb_write_verify_test', 'gen_exe_apb_base_test', 'gen_exe_apb_write_verify_error_test', 'gen_exe_apb_random_read_write_override_test']
2024-04-05 16:27:24 - The founded targets are:
 ['gen_exe_apb_write_verify_test', 'gen_exe_apb_base_test', 'gen_exe_apb_write_verify_error_test', 'gen_exe_apb_random_read_write_override_test']
2024-04-05 16:30:55 - The founded targets are:
 ['gen_exe_apb_write_verify_test', 'gen_exe_apb_base_test', 'gen_exe_apb_write_verify_error_test', 'gen_exe_apb_random_read_write_override_test']
2024-04-05 16:31:51 - The founded targets are:
 ['gen_exe_apb_write_verify_test', 'gen_exe_apb_base_test', 'gen_exe_apb_write_verify_error_test', 'gen_exe_apb_random_read_write_override_test']
2024-04-05 16:33:59 - The founded targets are:
 ['gen_exe_apb_write_verify_test', 'gen_exe_apb_base_test', 'gen_exe_apb_write_verify_error_test', 'gen_exe_apb_random_read_write_override_test']
2024-04-05 16:37:06 - The founded targets are:
 ['gen_exe_apb_write_verify_test', 'gen_exe_apb_base_test', 'gen_exe_apb_write_verify_error_test', 'gen_exe_apb_random_read_write_override_test']
2024-04-05 16:37:17 - The founded targets are:
 ['gen_exe_apb_write_verify_test', 'gen_exe_apb_base_test', 'gen_exe_apb_write_verify_error_test', 'gen_exe_apb_random_read_write_override_test']
2024-04-05 16:40:44 - The founded targets are:
 ['gen_exe_apb_write_verify_test', 'gen_exe_apb_base_test', 'gen_exe_apb_write_verify_error_test', 'gen_exe_apb_random_read_write_override_test']
2024-04-05 16:41:03 - The founded targets are:
 ['gen_exe_apb_write_verify_test', 'gen_exe_apb_base_test', 'gen_exe_apb_write_verify_error_test', 'gen_exe_apb_random_read_write_override_test']
2024-04-05 16:41:32 - The founded targets are:
 ['gen_exe_apb_write_verify_test', 'gen_exe_apb_base_test', 'gen_exe_apb_write_verify_error_test', 'gen_exe_apb_random_read_write_override_test']
2024-04-05 16:41:38 - The founded targets are:
 ['gen_exe_apb_write_verify_test', 'gen_exe_apb_base_test', 'gen_exe_apb_write_verify_error_test', 'gen_exe_apb_random_read_write_override_test']
2024-04-05 16:42:19 - The founded targets are:
 ['gen_exe_apb_write_verify_test', 'gen_exe_apb_base_test', 'gen_exe_apb_write_verify_error_test', 'gen_exe_apb_random_read_write_override_test']
2024-04-05 16:42:24 - The founded targets are:
 ['gen_exe_apb_write_verify_test', 'gen_exe_apb_base_test', 'gen_exe_apb_write_verify_error_test', 'gen_exe_apb_random_read_write_override_test']
2024-04-05 16:49:12 - The founded targets are:
 ['gen_exe_apb_write_verify_test', 'gen_exe_apb_base_test', 'gen_exe_apb_write_verify_error_test', 'gen_exe_apb_random_read_write_override_test']
2024-04-05 16:49:31 - The founded targets are:
 ['gen_exe_apb_write_verify_test', 'gen_exe_apb_base_test', 'gen_exe_apb_write_verify_error_test', 'gen_exe_apb_random_read_write_override_test']
2024-04-05 16:49:56 - The founded targets are:
 ['gen_exe_apb_write_verify_test', 'gen_exe_apb_base_test', 'gen_exe_apb_write_verify_error_test', 'gen_exe_apb_random_read_write_override_test']
2024-04-05 16:51:17 - The founded targets are:
 ['gen_exe_apb_write_verify_test', 'gen_exe_apb_base_test', 'gen_exe_apb_write_verify_error_test', 'gen_exe_apb_random_read_write_override_test']
2024-04-05 16:52:00 - The founded targets are:
 ['gen_exe_apb_write_verify_test', 'gen_exe_apb_base_test', 'gen_exe_apb_write_verify_error_test', 'gen_exe_apb_random_read_write_override_test']
2024-04-05 17:06:21 - The founded targets are:
 ['gen_exe_apb_write_verify_test', 'gen_exe_apb_base_test', 'gen_exe_apb_write_verify_error_test', 'gen_exe_apb_random_read_write_override_test']
2024-04-05 17:30:01 - The founded targets are:
 ['gen_exe_apb_write_verify_test', 'gen_exe_apb_base_test', 'gen_exe_apb_write_verify_error_test', 'gen_exe_apb_random_read_write_override_test']
2024-04-05 17:31:07 - The founded targets are:
 ['gen_exe_apb_write_verify_test', 'gen_exe_apb_base_test', 'gen_exe_apb_write_verify_error_test', 'gen_exe_apb_random_read_write_override_test']
2024-04-05 17:31:23 - The founded targets are:
 ['gen_exe_apb_write_verify_test', 'gen_exe_apb_base_test', 'gen_exe_apb_write_verify_error_test', 'gen_exe_apb_random_read_write_override_test']
2024-04-05 17:31:25 - The founded targets are:
 ['gen_exe_apb_write_verify_test', 'gen_exe_apb_base_test', 'gen_exe_apb_write_verify_error_test', 'gen_exe_apb_random_read_write_override_test']
2024-04-05 17:32:05 - The founded targets are:
 ['gen_exe_apb_write_verify_test', 'gen_exe_apb_base_test', 'gen_exe_apb_write_verify_error_test', 'gen_exe_apb_random_read_write_override_test']
2024-04-05 17:32:07 - The founded targets are:
 ['gen_exe_apb_write_verify_test', 'gen_exe_apb_base_test', 'gen_exe_apb_write_verify_error_test', 'gen_exe_apb_random_read_write_override_test']
2024-04-05 17:33:11 - The founded targets are:
 ['gen_exe_apb_write_verify_test', 'gen_exe_apb_base_test', 'gen_exe_apb_write_verify_error_test', 'gen_exe_apb_random_read_write_override_test']
2024-04-05 17:33:44 - The founded targets are:
 ['gen_exe_apb_write_verify_test', 'gen_exe_apb_base_test', 'gen_exe_apb_write_verify_error_test', 'gen_exe_apb_random_read_write_override_test']
2024-04-05 17:33:59 - The founded targets are:
 ['gen_exe_apb_write_verify_test', 'gen_exe_apb_base_test', 'gen_exe_apb_write_verify_error_test', 'gen_exe_apb_random_read_write_override_test']
2024-04-05 17:42:50 - The founded targets are:
 ['gen_exe_apb_write_verify_test', 'gen_exe_apb_base_test', 'gen_exe_apb_write_verify_error_test', 'gen_exe_apb_random_read_write_override_test']
2024-04-05 17:42:55 - The founded targets are:
 ['gen_exe_apb_write_verify_test', 'gen_exe_apb_base_test', 'gen_exe_apb_write_verify_error_test', 'gen_exe_apb_random_read_write_override_test']
2024-04-05 17:44:47 - The founded targets are:
 ['gen_exe_apb_write_verify_test', 'gen_exe_apb_base_test', 'gen_exe_apb_write_verify_error_test', 'gen_exe_apb_random_read_write_override_test']
2024-04-05 17:44:54 - The founded targets are:
 ['gen_exe_apb_write_verify_test', 'gen_exe_apb_base_test', 'gen_exe_apb_write_verify_error_test', 'gen_exe_apb_random_read_write_override_test']
2024-04-08 12:04:28 - The founded targets are:
 ['gen_exe_apb_write_verify_test', 'gen_exe_apb_base_test', 'gen_exe_apb_write_verify_error_test', 'gen_exe_apb_random_read_write_override_test']
2024-04-08 12:04:42 - The founded targets are:
 ['gen_exe_apb_write_verify_test', 'gen_exe_apb_base_test', 'gen_exe_apb_write_verify_error_test', 'gen_exe_apb_random_read_write_override_test']
2024-04-08 12:05:29 - The founded targets are:
 ['gen_exe_apb_write_verify_test', 'gen_exe_apb_base_test', 'gen_exe_apb_write_verify_error_test', 'gen_exe_apb_random_read_write_override_test']
2024-04-08 12:06:03 - The founded targets are:
 ['gen_exe_apb_write_verify_test', 'gen_exe_apb_base_test', 'gen_exe_apb_write_verify_error_test', 'gen_exe_apb_random_read_write_override_test']
2024-04-08 12:06:19 - The founded targets are:
 ['gen_exe_apb_write_verify_test', 'gen_exe_apb_base_test', 'gen_exe_apb_write_verify_error_test', 'gen_exe_apb_random_read_write_override_test']
2024-04-08 12:09:12 - The founded targets are:
 ['gen_exe_apb_write_verify_test', 'gen_exe_apb_base_test', 'gen_exe_apb_write_verify_error_test', 'gen_exe_apb_random_read_write_override_test']
2024-04-08 12:13:06 - The founded targets are:
 ['gen_exe_apb_write_verify_test', 'gen_exe_apb_base_test', 'gen_exe_apb_write_verify_error_test', 'gen_exe_apb_random_read_write_override_test']
2024-04-08 12:13:31 - The founded targets are:
 ['gen_exe_apb_write_verify_test', 'gen_exe_apb_base_test', 'gen_exe_apb_write_verify_error_test', 'gen_exe_apb_random_read_write_override_test']
2024-04-08 12:13:43 - The founded targets are:
 ['gen_exe_apb_write_verify_test', 'gen_exe_apb_base_test', 'gen_exe_apb_write_verify_error_test', 'gen_exe_apb_random_read_write_override_test']
2024-04-08 12:28:21 - The founded targets are:
 ['gen_exe_apb_write_verify_test', 'gen_exe_apb_base_test', 'gen_exe_apb_write_verify_error_test', 'gen_exe_apb_random_read_write_override_test']
2024-04-08 12:28:42 - The founded targets are:
 ['gen_exe_apb_write_verify_test', 'gen_exe_apb_base_test', 'gen_exe_apb_write_verify_error_test', 'gen_exe_apb_random_read_write_override_test']
2024-04-08 12:29:02 - The founded targets are:
 ['gen_exe_apb_write_verify_test', 'gen_exe_apb_base_test', 'gen_exe_apb_write_verify_error_test', 'gen_exe_apb_random_read_write_override_test']
2024-04-08 12:32:03 - The founded targets are:
 ['gen_exe_apb_write_verify_test', 'gen_exe_apb_base_test', 'gen_exe_apb_write_verify_error_test', 'gen_exe_apb_random_read_write_override_test']
2024-04-08 12:32:20 - The founded targets are:
 ['gen_exe_apb_write_verify_test', 'gen_exe_apb_base_test', 'gen_exe_apb_write_verify_error_test', 'gen_exe_apb_random_read_write_override_test']
2024-04-08 12:32:40 - The founded targets are:
 ['gen_exe_apb_write_verify_test', 'gen_exe_apb_base_test', 'gen_exe_apb_write_verify_error_test', 'gen_exe_apb_random_read_write_override_test']
2024-04-08 12:33:03 - The founded targets are:
 ['gen_exe_apb_write_verify_test', 'gen_exe_apb_base_test', 'gen_exe_apb_write_verify_error_test', 'gen_exe_apb_random_read_write_override_test']
2024-04-08 12:34:46 - The founded targets are:
 ['gen_exe_apb_write_verify_test', 'gen_exe_apb_base_test', 'gen_exe_apb_write_verify_error_test', 'gen_exe_apb_random_read_write_override_test']
2024-04-08 12:35:04 - The founded targets are:
 ['gen_exe_apb_write_verify_test', 'gen_exe_apb_base_test', 'gen_exe_apb_write_verify_error_test', 'gen_exe_apb_random_read_write_override_test']
2024-04-08 12:35:48 - The founded targets are:
 ['gen_exe_apb_write_verify_test', 'gen_exe_apb_base_test', 'gen_exe_apb_write_verify_error_test', 'gen_exe_apb_random_read_write_override_test']
2024-04-08 12:36:35 - The founded targets are:
 ['gen_exe_apb_write_verify_test', 'gen_exe_apb_base_test', 'gen_exe_apb_write_verify_error_test', 'gen_exe_apb_random_read_write_override_test']
2024-04-08 12:36:59 - The founded targets are:
 ['gen_exe_apb_write_verify_test', 'gen_exe_apb_base_test', 'gen_exe_apb_write_verify_error_test', 'gen_exe_apb_random_read_write_override_test']
2024-04-08 12:40:48 - The founded targets are:
 ['gen_exe_apb_write_verify_test', 'gen_exe_apb_base_test', 'gen_exe_apb_write_verify_error_test', 'gen_exe_apb_random_read_write_override_test']
2024-04-08 13:01:43 - The founded targets are:
 ['gen_exe_apb_write_verify_test', 'gen_exe_apb_base_test', 'gen_exe_apb_write_verify_error_test', 'gen_exe_apb_random_read_write_override_test']
2024-04-08 13:03:14 - The founded targets are:
 ['gen_exe_apb_write_verify_test', 'gen_exe_apb_base_test', 'gen_exe_apb_write_verify_error_test', 'gen_exe_apb_random_read_write_override_test']
2024-04-08 13:10:04 - The founded targets are:
 ['gen_exe_apb_write_verify_test', 'gen_exe_apb_base_test', 'gen_exe_apb_write_verify_error_test', 'gen_exe_apb_random_read_write_override_test']
2024-04-08 13:10:58 - The founded targets are:
 ['gen_exe_apb_write_verify_test', 'gen_exe_apb_base_test', 'gen_exe_apb_write_verify_error_test', 'gen_exe_apb_random_read_write_override_test']
2024-04-08 13:11:26 - The founded targets are:
 ['gen_exe_apb_write_verify_test', 'gen_exe_apb_base_test', 'gen_exe_apb_write_verify_error_test', 'gen_exe_apb_random_read_write_override_test']
2024-04-08 13:11:52 - The founded targets are:
 ['gen_exe_apb_write_verify_test', 'gen_exe_apb_base_test', 'gen_exe_apb_write_verify_error_test', 'gen_exe_apb_random_read_write_override_test']
2024-04-08 13:15:19 - The founded targets are:
 ['gen_exe_apb_write_verify_test', 'gen_exe_apb_base_test', 'gen_exe_apb_write_verify_error_test', 'gen_exe_apb_random_read_write_override_test']
2024-04-08 13:15:22 - The founded targets are:
 ['gen_exe_apb_write_verify_test', 'gen_exe_apb_base_test', 'gen_exe_apb_write_verify_error_test', 'gen_exe_apb_random_read_write_override_test']
2024-04-08 13:15:35 - The founded targets are:
 ['gen_exe_apb_write_verify_test', 'gen_exe_apb_base_test', 'gen_exe_apb_write_verify_error_test', 'gen_exe_apb_random_read_write_override_test']
2024-04-08 13:15:55 - The founded targets are:
 ['gen_exe_apb_write_verify_test', 'gen_exe_apb_base_test', 'gen_exe_apb_write_verify_error_test', 'gen_exe_apb_random_read_write_override_test']
2024-04-08 13:33:18 - The founded targets are:
 ['gen_exe_apb_write_verify_test', 'gen_exe_apb_base_test', 'gen_exe_apb_write_verify_error_test', 'gen_exe_apb_random_read_write_override_test']
2024-04-08 13:34:19 - The founded targets are:
 ['gen_exe_apb_write_verify_test', 'gen_exe_apb_base_test', 'gen_exe_apb_write_verify_error_test', 'gen_exe_apb_random_read_write_override_test']
2024-04-08 15:54:57 - The founded targets are:
 ['gen_exe_apb_write_verify_test', 'gen_exe_apb_base_test', 'gen_exe_apb_write_verify_error_test', 'gen_exe_apb_random_read_write_override_test']
2024-04-08 16:23:16 - The founded targets are:
 ['gen_exe_apb_write_verify_test', 'gen_exe_apb_base_test', 'gen_exe_apb_write_verify_error_test', 'gen_exe_apb_random_read_write_override_test']
2024-04-08 16:26:18 - The founded targets are:
 ['gen_exe_apb_write_verify_test', 'gen_exe_apb_base_test', 'gen_exe_apb_write_verify_error_test', 'gen_exe_apb_random_read_write_override_test']
2024-04-08 16:26:20 - The founded targets are:
 ['gen_exe_apb_write_verify_test', 'gen_exe_apb_base_test', 'gen_exe_apb_write_verify_error_test', 'gen_exe_apb_random_read_write_override_test']
2024-04-08 16:28:11 - The founded targets are:
 ['gen_exe_apb_write_verify_test', 'gen_exe_apb_base_test', 'gen_exe_apb_write_verify_error_test', 'gen_exe_apb_random_read_write_override_test']
2024-04-08 16:28:12 - The founded targets are:
 ['gen_exe_apb_write_verify_test', 'gen_exe_apb_base_test', 'gen_exe_apb_write_verify_error_test', 'gen_exe_apb_random_read_write_override_test']
2024-04-08 16:57:19 - The founded targets are:
 ['gen_exe_apb_write_verify_test', 'gen_exe_apb_base_test', 'gen_exe_apb_write_verify_error_test', 'gen_exe_apb_random_read_write_override_test']
2024-04-08 16:57:58 - The founded targets are:
 ['gen_exe_apb_write_verify_test', 'gen_exe_apb_base_test', 'gen_exe_apb_write_verify_error_test', 'gen_exe_apb_random_read_write_override_test']
2024-04-08 16:58:57 - The founded targets are:
 ['gen_exe_apb_write_verify_test', 'gen_exe_apb_base_test', 'gen_exe_apb_write_verify_error_test', 'gen_exe_apb_random_read_write_override_test']
2024-04-10 09:27:10: Path for vcs is found.
2024-04-10 09:32:02: Path for qrun is not found. Please include the correct path in settings.
2024-04-10 09:33:13: Path for qrun is not found. Please include the correct path or available simulator
2024-04-10 09:33:34: Path for vcs is found.
2024-04-10 09:40:17: Path for vcs is found.
2024-04-10 09:41:41: Settings file not found for VCS_Inclde.
2024-04-10 09:42:28: Settings file not found for VCS_Inclde.
2024-04-10 09:50:59: Settings file not found for VCS_Inclde.
2024-04-10 09:51:16: Settings file not found for VCS_Inclde.
2024-04-10 09:51:58: Settings file not found for VCS_Inclde.
2024-04-10 09:52:15: Settings file not found for VCS_Inclde.
2024-04-10 09:52:38: Settings file not found for VCS_Inclde.
2024-04-10 09:55:26: Settings file not found for VCS_Inclde.
2024-04-10 09:56:19: Path for vcs is found.
2024-04-10 09:56:31: Path for vcs is found.
2024-04-10 09:59:16: Path for vcs is found.
2024-04-10 10:02:07: Path for qrun is not found. Please include the correct path or available simulator
2024-04-10 10:38:42 - The founded targets are:
 []
2024-04-10 10:40:19 - The founded targets are:
 ['gen_exe_apb_write_verify_test', 'gen_exe_apb_base_test', 'gen_exe_apb_write_verify_error_test', 'gen_exe_apb_random_read_write_override_test']
2024-04-10 10:41:06 - The founded targets are:
 ['gen_exe_apb_write_verify_test', 'gen_exe_apb_base_test', 'gen_exe_apb_write_verify_error_test', 'gen_exe_apb_random_read_write_override_test']
2024-04-10 10:41:45 - The founded targets are:
 ['gen_exe_apb_write_verify_test', 'gen_exe_apb_base_test', 'gen_exe_apb_write_verify_error_test', 'gen_exe_apb_random_read_write_override_test']
2024-04-10 10:44:02 - The founded targets are:
 ['gen_exe_apb_write_verify_test', 'gen_exe_apb_base_test', 'gen_exe_apb_write_verify_error_test', 'gen_exe_apb_random_read_write_override_test']
2024-04-10 10:45:14 - The founded targets are:
 ['gen_exe_apb_write_verify_test', 'gen_exe_apb_base_test', 'gen_exe_apb_write_verify_error_test', 'gen_exe_apb_random_read_write_override_test']
2024-04-10 10:47:52 - The founded targets are:
 ['gen_exe_apb_write_verify_test', 'gen_exe_apb_base_test', 'gen_exe_apb_write_verify_error_test', 'gen_exe_apb_random_read_write_override_test']
2024-04-10 10:50:03 - The founded targets are:
 ['gen_exe_apb_write_verify_test', 'gen_exe_apb_base_test', 'gen_exe_apb_write_verify_error_test', 'gen_exe_apb_random_read_write_override_test']
2024-04-10 10:50:15 - The founded targets are:
 ['gen_exe_apb_write_verify_test', 'gen_exe_apb_base_test', 'gen_exe_apb_write_verify_error_test', 'gen_exe_apb_random_read_write_override_test']
2024-04-10 10:51:30 - The founded targets are:
 ['gen_exe_apb_write_verify_test', 'gen_exe_apb_base_test', 'gen_exe_apb_write_verify_error_test', 'gen_exe_apb_random_read_write_override_test']
2024-04-10 10:51:55 - The founded targets are:
 ['gen_exe_apb_write_verify_test', 'gen_exe_apb_base_test', 'gen_exe_apb_write_verify_error_test', 'gen_exe_apb_random_read_write_override_test']
2024-04-10 10:53:05 - The founded targets are:
 ['gen_exe_apb_write_verify_test', 'gen_exe_apb_base_test', 'gen_exe_apb_write_verify_error_test', 'gen_exe_apb_random_read_write_override_test']
2024-04-10 10:54:14 - The founded targets are:
 ['gen_exe_apb_write_verify_test', 'gen_exe_apb_base_test', 'gen_exe_apb_write_verify_error_test', 'gen_exe_apb_random_read_write_override_test']
2024-04-10 10:55:18 - The founded targets are:
 ['gen_exe_apb_write_verify_test', 'gen_exe_apb_base_test', 'gen_exe_apb_write_verify_error_test', 'gen_exe_apb_random_read_write_override_test']
2024-04-10 10:59:49 - The founded targets are:
 ['gen_exe_apb_write_verify_test', 'gen_exe_apb_base_test', 'gen_exe_apb_write_verify_error_test', 'gen_exe_apb_random_read_write_override_test']
2024-04-10 11:00:42 - The founded targets are:
 ['gen_exe_apb_write_verify_test', 'gen_exe_apb_base_test', 'gen_exe_apb_write_verify_error_test', 'gen_exe_apb_random_read_write_override_test']
2024-04-10 11:01:17 - The founded targets are:
 ['gen_exe_apb_write_verify_test', 'gen_exe_apb_base_test', 'gen_exe_apb_write_verify_error_test', 'gen_exe_apb_random_read_write_override_test']
2024-04-10 11:01:25 - The founded targets are:
 ['gen_exe_apb_write_verify_test', 'gen_exe_apb_base_test', 'gen_exe_apb_write_verify_error_test', 'gen_exe_apb_random_read_write_override_test']
2024-04-10 11:02:03 - The founded targets are:
 ['gen_exe_apb_write_verify_test', 'gen_exe_apb_base_test', 'gen_exe_apb_write_verify_error_test', 'gen_exe_apb_random_read_write_override_test']
2024-04-10 11:02:22 - The founded targets are:
 ['gen_exe_apb_write_verify_test', 'gen_exe_apb_base_test', 'gen_exe_apb_write_verify_error_test', 'gen_exe_apb_random_read_write_override_test']
2024-04-10 11:02:39 - The founded targets are:
 ['gen_exe_apb_write_verify_test', 'gen_exe_apb_base_test', 'gen_exe_apb_write_verify_error_test', 'gen_exe_apb_random_read_write_override_test']
2024-04-10 11:03:02 - The founded targets are:
 ['gen_exe_apb_write_verify_test', 'gen_exe_apb_base_test', 'gen_exe_apb_write_verify_error_test', 'gen_exe_apb_random_read_write_override_test']
2024-04-10 11:04:12 - The founded targets are:
 ['gen_exe_apb_write_verify_test', 'gen_exe_apb_base_test', 'gen_exe_apb_write_verify_error_test', 'gen_exe_apb_random_read_write_override_test']
2024-04-10 11:05:36 - The founded targets are:
 ['gen_exe_apb_write_verify_test', 'gen_exe_apb_base_test', 'gen_exe_apb_write_verify_error_test', 'gen_exe_apb_random_read_write_override_test']
2024-04-10 11:06:26 - The founded targets are:
 ['gen_exe_apb_write_verify_test', 'gen_exe_apb_base_test', 'gen_exe_apb_write_verify_error_test', 'gen_exe_apb_random_read_write_override_test']
2024-04-10 11:38:21 - The founded targets are:
 ['gen_exe_apb_write_verify_test', 'gen_exe_apb_base_test', 'gen_exe_apb_write_verify_error_test', 'gen_exe_apb_random_read_write_override_test']
2024-04-10 12:13:26 - The founded targets are:
 ['gen_exe_apb_write_verify_test', 'gen_exe_apb_base_test', 'gen_exe_apb_write_verify_error_test', 'gen_exe_apb_random_read_write_override_test']
2024-04-10 12:19:07 - The founded targets are:
 ['gen_exe_apb_write_verify_test', 'gen_exe_apb_base_test', 'gen_exe_apb_write_verify_error_test', 'gen_exe_apb_random_read_write_override_test']
2024-04-10 12:20:59 - The founded targets are:
 ['gen_exe_apb_write_verify_test', 'gen_exe_apb_base_test', 'gen_exe_apb_write_verify_error_test', 'gen_exe_apb_random_read_write_override_test']
2024-04-10 13:10:15 - The founded targets are:
 ['gen_exe_apb_write_verify_test', 'gen_exe_apb_base_test', 'gen_exe_apb_write_verify_error_test', 'gen_exe_apb_random_read_write_override_test']
2024-04-10 13:10:59 - The founded targets are:
 ['gen_exe_apb_write_verify_test', 'gen_exe_apb_base_test', 'gen_exe_apb_write_verify_error_test', 'gen_exe_apb_random_read_write_override_test']
2024-04-10 13:58:00 - The founded targets are:
 ['gen_exe_apb_write_verify_test', 'gen_exe_apb_base_test', 'gen_exe_apb_write_verify_error_test', 'gen_exe_apb_random_read_write_override_test']
2024-04-10 13:58:00: Path for vcs is found.
2024-04-10 13:58:11 - The founded targets are:
 ['gen_exe_apb_write_verify_test', 'gen_exe_apb_base_test', 'gen_exe_apb_write_verify_error_test', 'gen_exe_apb_random_read_write_override_test']
2024-04-10 13:58:11: Path for vcs is found.
2024-04-10 14:01:00 - The founded targets are:
 ['gen_exe_apb_write_verify_test', 'gen_exe_apb_base_test', 'gen_exe_apb_write_verify_error_test', 'gen_exe_apb_random_read_write_override_test']
2024-04-10 14:01:10 - The founded targets are:
 ['gen_exe_apb_write_verify_test', 'gen_exe_apb_base_test', 'gen_exe_apb_write_verify_error_test', 'gen_exe_apb_random_read_write_override_test']
2024-04-10 14:01:10: Path for qrun is not found. Please include the correct path or available simulator
2024-04-10 14:01:47 - The founded targets are:
 ['gen_exe_apb_write_verify_test', 'gen_exe_apb_base_test', 'gen_exe_apb_write_verify_error_test', 'gen_exe_apb_random_read_write_override_test']
2024-04-10 14:02:46 - The founded targets are:
 ['gen_exe_apb_write_verify_test', 'gen_exe_apb_base_test', 'gen_exe_apb_write_verify_error_test', 'gen_exe_apb_random_read_write_override_test']
2024-04-10 14:02:53 - The founded targets are:
 ['gen_exe_apb_write_verify_test', 'gen_exe_apb_base_test', 'gen_exe_apb_write_verify_error_test', 'gen_exe_apb_random_read_write_override_test']
2024-04-10 14:10:36 - The founded targets are:
 ['gen_exe_apb_write_verify_test', 'gen_exe_apb_base_test', 'gen_exe_apb_write_verify_error_test', 'gen_exe_apb_random_read_write_override_test']
2024-04-10 14:11:09 - The founded targets are:
 ['gen_exe_apb_write_verify_test', 'gen_exe_apb_base_test', 'gen_exe_apb_write_verify_error_test', 'gen_exe_apb_random_read_write_override_test']
2024-04-10 14:11:33 - The founded targets are:
 ['gen_exe_apb_write_verify_test', 'gen_exe_apb_base_test', 'gen_exe_apb_write_verify_error_test', 'gen_exe_apb_random_read_write_override_test']
2024-04-10 14:11:47 - The founded targets are:
 ['gen_exe_apb_write_verify_test', 'gen_exe_apb_base_test', 'gen_exe_apb_write_verify_error_test', 'gen_exe_apb_random_read_write_override_test']
2024-04-10 14:12:35 - The founded targets are:
 ['gen_exe_apb_write_verify_test', 'gen_exe_apb_base_test', 'gen_exe_apb_write_verify_error_test', 'gen_exe_apb_random_read_write_override_test']
2024-04-10 14:12:58 - The founded targets are:
 ['gen_exe_apb_write_verify_test', 'gen_exe_apb_base_test', 'gen_exe_apb_write_verify_error_test', 'gen_exe_apb_random_read_write_override_test']
2024-04-10 14:13:11 - The founded targets are:
 ['gen_exe_apb_write_verify_test', 'gen_exe_apb_base_test', 'gen_exe_apb_write_verify_error_test', 'gen_exe_apb_random_read_write_override_test']
2024-04-10 14:31:13 - The founded targets are:
 ['gen_exe_apb_write_verify_test', 'gen_exe_apb_base_test', 'gen_exe_apb_write_verify_error_test', 'gen_exe_apb_random_read_write_override_test']
2024-04-10 14:31:30 - The founded targets are:
 ['gen_exe_apb_write_verify_test', 'gen_exe_apb_base_test', 'gen_exe_apb_write_verify_error_test', 'gen_exe_apb_random_read_write_override_test']
2024-04-10 14:32:30 - The founded targets are:
 ['gen_exe_apb_write_verify_test', 'gen_exe_apb_base_test', 'gen_exe_apb_write_verify_error_test', 'gen_exe_apb_random_read_write_override_test']
2024-04-10 14:50:28 - The founded targets are:
 ['gen_exe_apb_write_verify_test', 'gen_exe_apb_base_test', 'gen_exe_apb_write_verify_error_test', 'gen_exe_apb_random_read_write_override_test']
2024-04-10 14:50:59 - The founded targets are:
 ['gen_exe_apb_write_verify_test', 'gen_exe_apb_base_test', 'gen_exe_apb_write_verify_error_test', 'gen_exe_apb_random_read_write_override_test']
2024-04-10 14:51:38 - The founded targets are:
 ['gen_exe_apb_write_verify_test', 'gen_exe_apb_base_test', 'gen_exe_apb_write_verify_error_test', 'gen_exe_apb_random_read_write_override_test']
2024-04-10 14:52:11 - The founded targets are:
 ['gen_exe_apb_write_verify_test', 'gen_exe_apb_base_test', 'gen_exe_apb_write_verify_error_test', 'gen_exe_apb_random_read_write_override_test']
2024-04-10 14:53:05 - The founded targets are:
 ['gen_exe_apb_write_verify_test', 'gen_exe_apb_base_test', 'gen_exe_apb_write_verify_error_test', 'gen_exe_apb_random_read_write_override_test']
2024-04-10 14:53:38 - The founded targets are:
 ['gen_exe_apb_write_verify_test', 'gen_exe_apb_base_test', 'gen_exe_apb_write_verify_error_test', 'gen_exe_apb_random_read_write_override_test']
2024-04-10 14:55:50 - The founded targets are:
 ['gen_exe_apb_write_verify_test', 'gen_exe_apb_base_test', 'gen_exe_apb_write_verify_error_test', 'gen_exe_apb_random_read_write_override_test']
2024-04-10 15:09:42 - The founded targets are:
 ['gen_exe_apb_write_verify_test', 'gen_exe_apb_base_test', 'gen_exe_apb_write_verify_error_test', 'gen_exe_apb_random_read_write_override_test']
2024-04-10 15:12:47 - The founded targets are:
 ['gen_exe_apb_write_verify_test', 'gen_exe_apb_base_test', 'gen_exe_apb_write_verify_error_test', 'gen_exe_apb_random_read_write_override_test']
2024-04-10 15:13:08 - The founded targets are:
 ['gen_exe_apb_write_verify_test', 'gen_exe_apb_base_test', 'gen_exe_apb_write_verify_error_test', 'gen_exe_apb_random_read_write_override_test']
2024-04-10 15:13:49 - The founded targets are:
 ['gen_exe_apb_write_verify_test', 'gen_exe_apb_base_test', 'gen_exe_apb_write_verify_error_test', 'gen_exe_apb_random_read_write_override_test']
2024-04-10 15:13:57 - The founded targets are:
 ['gen_exe_apb_write_verify_test', 'gen_exe_apb_base_test', 'gen_exe_apb_write_verify_error_test', 'gen_exe_apb_random_read_write_override_test']
2024-04-10 15:28:35 - The founded targets are:
 ['gen_exe_apb_write_verify_test', 'gen_exe_apb_base_test', 'gen_exe_apb_write_verify_error_test', 'gen_exe_apb_random_read_write_override_test']
2024-04-10 15:45:50 - The founded targets are:
 ['gen_exe_apb_write_verify_test', 'gen_exe_apb_base_test', 'gen_exe_apb_write_verify_error_test', 'gen_exe_apb_random_read_write_override_test']
2024-04-10 16:11:41 - The founded targets are:
 ['gen_exe_apb_write_verify_test', 'gen_exe_apb_base_test', 'gen_exe_apb_write_verify_error_test', 'gen_exe_apb_random_read_write_override_test']
2024-04-10 16:15:29 - The founded targets are:
 ['gen_exe_apb_write_verify_test', 'gen_exe_apb_base_test', 'gen_exe_apb_write_verify_error_test', 'gen_exe_apb_random_read_write_override_test']
2024-04-10 17:47:40 - The founded targets are:
 ['gen_exe_apb_write_verify_test', 'gen_exe_apb_base_test', 'gen_exe_apb_write_verify_error_test', 'gen_exe_apb_random_read_write_override_test']
2024-04-10 17:51:19 - The founded targets are:
 ['gen_exe_apb_write_verify_test', 'gen_exe_apb_base_test', 'gen_exe_apb_write_verify_error_test', 'gen_exe_apb_random_read_write_override_test']
2024-04-10 17:57:52 - The founded targets are:
 ['gen_exe_apb_write_verify_test', 'gen_exe_apb_base_test', 'gen_exe_apb_write_verify_error_test', 'gen_exe_apb_random_read_write_override_test']
2024-04-10 18:00:19 - The founded targets are:
 ['gen_exe_apb_write_verify_test', 'gen_exe_apb_base_test', 'gen_exe_apb_write_verify_error_test', 'gen_exe_apb_random_read_write_override_test']
2024-04-10 18:00:25 - The founded targets are:
 ['gen_exe_apb_write_verify_test', 'gen_exe_apb_base_test', 'gen_exe_apb_write_verify_error_test', 'gen_exe_apb_random_read_write_override_test']
2024-04-10 18:00:31 - The founded targets are:
 ['gen_exe_apb_write_verify_test', 'gen_exe_apb_base_test', 'gen_exe_apb_write_verify_error_test', 'gen_exe_apb_random_read_write_override_test']
2024-04-10 18:01:42 - The founded targets are:
 ['gen_exe_apb_write_verify_test', 'gen_exe_apb_base_test', 'gen_exe_apb_write_verify_error_test', 'gen_exe_apb_random_read_write_override_test']
2024-04-10 18:01:48 - The founded targets are:
 ['gen_exe_apb_write_verify_test', 'gen_exe_apb_base_test', 'gen_exe_apb_write_verify_error_test', 'gen_exe_apb_random_read_write_override_test']
2024-04-10 18:02:39 - The founded targets are:
 ['gen_exe_apb_write_verify_test', 'gen_exe_apb_base_test', 'gen_exe_apb_write_verify_error_test', 'gen_exe_apb_random_read_write_override_test']
2024-04-10 18:03:37 - The founded targets are:
 ['gen_exe_apb_write_verify_test', 'gen_exe_apb_base_test', 'gen_exe_apb_write_verify_error_test', 'gen_exe_apb_random_read_write_override_test']
2024-04-10 18:03:41 - The founded targets are:
 ['gen_exe_apb_write_verify_test', 'gen_exe_apb_base_test', 'gen_exe_apb_write_verify_error_test', 'gen_exe_apb_random_read_write_override_test']
2024-04-10 18:03:59 - The founded targets are:
 ['gen_exe_apb_write_verify_test', 'gen_exe_apb_base_test', 'gen_exe_apb_write_verify_error_test', 'gen_exe_apb_random_read_write_override_test']
2024-04-10 18:04:33 - The founded targets are:
 ['gen_exe_apb_write_verify_test', 'gen_exe_apb_base_test', 'gen_exe_apb_write_verify_error_test', 'gen_exe_apb_random_read_write_override_test']
2024-04-10 18:13:20 - The founded targets are:
 ['gen_exe_apb_write_verify_test', 'gen_exe_apb_base_test', 'gen_exe_apb_write_verify_error_test', 'gen_exe_apb_random_read_write_override_test']
2024-04-10 18:14:44 - The founded targets are:
 ['gen_exe_apb_write_verify_test', 'gen_exe_apb_base_test', 'gen_exe_apb_write_verify_error_test', 'gen_exe_apb_random_read_write_override_test']
2024-04-10 18:15:23 - The founded targets are:
 ['gen_exe_apb_write_verify_test', 'gen_exe_apb_base_test', 'gen_exe_apb_write_verify_error_test', 'gen_exe_apb_random_read_write_override_test']
2024-04-10 18:16:34 - The founded targets are:
 ['gen_exe_apb_write_verify_test', 'gen_exe_apb_base_test', 'gen_exe_apb_write_verify_error_test', 'gen_exe_apb_random_read_write_override_test']
2024-04-10 18:16:38 - The founded targets are:
 ['gen_exe_apb_write_verify_test', 'gen_exe_apb_base_test', 'gen_exe_apb_write_verify_error_test', 'gen_exe_apb_random_read_write_override_test']
2024-04-10 18:16:58 - The founded targets are:
 ['gen_exe_apb_write_verify_test', 'gen_exe_apb_base_test', 'gen_exe_apb_write_verify_error_test', 'gen_exe_apb_random_read_write_override_test']
2024-04-10 18:18:10 - The founded targets are:
 ['gen_exe_apb_write_verify_test', 'gen_exe_apb_base_test', 'gen_exe_apb_write_verify_error_test', 'gen_exe_apb_random_read_write_override_test']
2024-04-10 18:19:22 - The founded targets are:
 ['gen_exe_apb_write_verify_test', 'gen_exe_apb_base_test', 'gen_exe_apb_write_verify_error_test', 'gen_exe_apb_random_read_write_override_test']
2024-04-15 09:52:03 - The founded targets are:
 ['gen_exe_apb_write_verify_test', 'gen_exe_apb_base_test', 'gen_exe_apb_write_verify_error_test', 'gen_exe_apb_random_read_write_override_test']
2024-04-15 09:53:59 - The founded targets are:
 ['gen_exe_apb_write_verify_test', 'gen_exe_apb_base_test', 'gen_exe_apb_write_verify_error_test', 'gen_exe_apb_random_read_write_override_test']
2024-04-15 10:00:53 - The founded targets are:
 ['gen_exe_apb_write_verify_test', 'gen_exe_apb_base_test', 'gen_exe_apb_write_verify_error_test', 'gen_exe_apb_random_read_write_override_test']
2024-04-15 10:09:37 - The founded targets are:
 ['gen_exe_apb_write_verify_test', 'gen_exe_apb_base_test', 'gen_exe_apb_write_verify_error_test', 'gen_exe_apb_random_read_write_override_test']
2024-04-15 10:11:34 - The founded targets are:
 ['gen_exe_apb_write_verify_test', 'gen_exe_apb_base_test', 'gen_exe_apb_write_verify_error_test', 'gen_exe_apb_random_read_write_override_test']
2024-04-15 10:13:10 - The founded targets are:
 ['gen_exe_apb_write_verify_test', 'gen_exe_apb_base_test', 'gen_exe_apb_write_verify_error_test', 'gen_exe_apb_random_read_write_override_test']
2024-04-15 10:18:18 - The founded targets are:
 ['gen_exe_apb_write_verify_test', 'gen_exe_apb_base_test', 'gen_exe_apb_write_verify_error_test', 'gen_exe_apb_random_read_write_override_test']
2024-04-15 10:32:30 - The founded targets are:
 ['gen_exe_apb_write_verify_test', 'gen_exe_apb_base_test', 'gen_exe_apb_write_verify_error_test', 'gen_exe_apb_random_read_write_override_test']
2024-04-15 10:33:25 - The founded targets are:
 ['gen_exe_apb_write_verify_test', 'gen_exe_apb_base_test', 'gen_exe_apb_write_verify_error_test', 'gen_exe_apb_random_read_write_override_test']
2024-04-15 10:33:58 - The founded targets are:
 ['gen_exe_apb_write_verify_test', 'gen_exe_apb_base_test', 'gen_exe_apb_write_verify_error_test', 'gen_exe_apb_random_read_write_override_test']
2024-04-15 10:35:05 - The founded targets are:
 ['gen_exe_apb_write_verify_test', 'gen_exe_apb_base_test', 'gen_exe_apb_write_verify_error_test', 'gen_exe_apb_random_read_write_override_test']
2024-04-15 10:38:52 - The founded targets are:
 ['gen_exe_apb_write_verify_test', 'gen_exe_apb_base_test', 'gen_exe_apb_write_verify_error_test', 'gen_exe_apb_random_read_write_override_test']
2024-04-15 10:58:48 - The founded targets are:
 ['gen_exe_apb_write_verify_test', 'gen_exe_apb_base_test', 'gen_exe_apb_write_verify_error_test', 'gen_exe_apb_random_read_write_override_test']
2024-04-15 11:01:24 - The founded targets are:
 ['gen_exe_apb_write_verify_test', 'gen_exe_apb_base_test', 'gen_exe_apb_write_verify_error_test', 'gen_exe_apb_random_read_write_override_test']
2024-04-15 11:01:30 - The founded targets are:
 ['gen_exe_apb_write_verify_test', 'gen_exe_apb_base_test', 'gen_exe_apb_write_verify_error_test', 'gen_exe_apb_random_read_write_override_test']
2024-04-15 11:01:50 - The founded targets are:
 ['gen_exe_apb_write_verify_test', 'gen_exe_apb_base_test', 'gen_exe_apb_write_verify_error_test', 'gen_exe_apb_random_read_write_override_test']
2024-04-15 11:10:24 - The founded targets are:
 ['gen_exe_apb_write_verify_test', 'gen_exe_apb_base_test', 'gen_exe_apb_write_verify_error_test', 'gen_exe_apb_random_read_write_override_test']
2024-04-15 11:13:58 - The founded targets are:
 ['gen_exe_apb_write_verify_test', 'gen_exe_apb_base_test', 'gen_exe_apb_write_verify_error_test', 'gen_exe_apb_random_read_write_override_test']
2024-04-15 11:14:31 - The founded targets are:
 ['gen_exe_apb_write_verify_test', 'gen_exe_apb_base_test', 'gen_exe_apb_write_verify_error_test', 'gen_exe_apb_random_read_write_override_test']
2024-04-15 11:22:00 - The founded targets are:
 ['gen_exe_apb_write_verify_test', 'gen_exe_apb_base_test', 'gen_exe_apb_write_verify_error_test', 'gen_exe_apb_random_read_write_override_test']
2024-04-15 11:22:06 - The founded targets are:
 ['gen_exe_apb_write_verify_test', 'gen_exe_apb_base_test', 'gen_exe_apb_write_verify_error_test', 'gen_exe_apb_random_read_write_override_test']
2024-04-15 12:37:12 - The founded targets are:
 ['gen_exe_apb_write_verify_test', 'gen_exe_apb_base_test', 'gen_exe_apb_write_verify_error_test', 'gen_exe_apb_random_read_write_override_test']
2024-04-15 17:38:56 - The founded targets are:
 ['gen_exe_apb_write_verify_test', 'gen_exe_apb_base_test', 'gen_exe_apb_write_verify_error_test', 'gen_exe_apb_random_read_write_override_test']
2024-04-16 11:03:30 - The founded targets are:
 ['gen_exe_apb_write_verify_test', 'gen_exe_apb_base_test', 'gen_exe_apb_write_verify_error_test', 'gen_exe_apb_random_read_write_override_test']
2024-04-16 12:59:51 - The founded targets are:
 ['gen_exe_apb_write_verify_test', 'gen_exe_apb_base_test', 'gen_exe_apb_write_verify_error_test', 'gen_exe_apb_random_read_write_override_test']
2024-04-16 13:00:30 - The founded targets are:
 ['gen_exe_apb_write_verify_test', 'gen_exe_apb_base_test', 'gen_exe_apb_write_verify_error_test', 'gen_exe_apb_random_read_write_override_test']
2024-04-16 13:07:32 - The founded targets are:
 ['gen_exe_apb_write_verify_test', 'gen_exe_apb_base_test', 'gen_exe_apb_write_verify_error_test', 'gen_exe_apb_random_read_write_override_test']
2024-04-16 13:11:12 - The founded targets are:
 ['gen_exe_apb_write_verify_test', 'gen_exe_apb_base_test', 'gen_exe_apb_write_verify_error_test', 'gen_exe_apb_random_read_write_override_test']
