set ucliGUI::state
set ucliGUI::state
ucliCore::getToolPID
synopsys::env hasTB
trigger_hier_stack_context_switch 0
synUtils::setDVEInitPhase 1
synopsys::dump -type VPD -file /home/harishkv/Switch_Modelling/Verification-of-FIFO-using-SystemVerilog/switch/inter.vpd -locking
synopsys::dump -autoflush on -fid VPD0
set ::dve_fid VPD0
synUtils::setDVEInitPhase 0
ucliCore::getToolPID
synUtils::sendTool -active _icl_setToolSocket /tmp/smlnpUPMw4M
synUtils::sendTool -active {_icl_start_rpc -version "U-2023.03-1" -sync_file /tmp/vcs_dve_rpc.harishkv.3244829}
synUtils::sendTool -active {_icl_createSharedMemory /tmp/vcs_dve_general.harishkv.3244829}
config endofsim noexit
config onfail enable all
config syscaddplainmembers
config syscaddsourcenames
config syscaddstructtypes
synopsys::listing -disable
synopsys::dump -add {tb_network_switch.uut.PORTS tb_network_switch.uut.QUEUE_DEPTH tb_network_switch.uut.WIDTH tb_network_switch.uut.broadcast tb_network_switch.uut.clk tb_network_switch.uut.data_in tb_network_switch.uut.data_out tb_network_switch.uut.dst_addr tb_network_switch.uut.egress_data tb_network_switch.uut.found tb_network_switch.uut.incoming_port tb_network_switch.uut.ingress_data tb_network_switch.uut.memory_addr tb_network_switch.uut.memory_data_out tb_network_switch.uut.memory_read_en tb_network_switch.uut.memory_write_en tb_network_switch.uut.next_free_memory_addr tb_network_switch.uut.port_select tb_network_switch.uut.queue_dequeue tb_network_switch.uut.queue_empty tb_network_switch.uut.queue_enqueue tb_network_switch.uut.queue_full tb_network_switch.uut.queues_data_out tb_network_switch.uut.reset tb_network_switch.uut.src_addr } -aggregates  -fid VPD0
synopsys::run
set ucliGUI::state
set ucliGUI::state
set ucliGUI::state
set ucliGUI::state
