# Preference setting overrides
gui_create_pref_key -category {Globals} -key {load_detail_for_funcov} -value_type {bool} -value {false}

# State setting overrides
gui_state_default_create -off -ini
gui_set_state_value -category Globals -key recent_databases -value {{gui_open_db -file /home/harishkv/Switch_Modelling/Verification-of-FIFO-using-SystemVerilog/switch/inter.vpd -design V1} {gui_open_db -file /home/harishkv/Switch_Modelling/Verification-of-FIFO-using-SystemVerilog/switch/inter.vpd -design V2} {gui_open_db -file /home/harishkv/Switch_Modelling/inter.vpd -design V1} {gui_open_db -file /home/harishkv/Switch_Modelling/inter.vpd -design V2} {gui_open_db -file /home/harishkv/Switch_Modelling/dump.vcd -design V1}}
gui_set_state_value -category Layout -key child_assertion_size_x -value 1557
gui_set_state_value -category Layout -key child_assertion_size_y -value 144
gui_set_state_value -category Layout -key child_console_size_x -value 1768
gui_set_state_value -category Layout -key child_console_size_y -value 161
gui_set_state_value -category Layout -key child_data_coltype -value 126
gui_set_state_value -category Layout -key child_data_colvalue -value 61
gui_set_state_value -category Layout -key child_data_colvariable -value 238
gui_set_state_value -category Layout -key child_data_size_x -value 266
gui_set_state_value -category Layout -key child_data_size_y -value 615
gui_set_state_value -category Layout -key child_driver_size_x -value 1508
gui_set_state_value -category Layout -key child_driver_size_y -value 197
gui_set_state_value -category Layout -key child_hier_col3 -value {-1}
gui_set_state_value -category Layout -key child_hier_colhier -value 347
gui_set_state_value -category Layout -key child_hier_colpd -value 0
gui_set_state_value -category Layout -key child_hier_coltype -value 49
gui_set_state_value -category Layout -key child_hier_size_x -value 275
gui_set_state_value -category Layout -key child_hier_size_y -value 615
gui_set_state_value -category Layout -key child_hier_sort_order -value 1
gui_set_state_value -category Layout -key child_source_docknewline -value false
gui_set_state_value -category Layout -key child_source_pos_x -value {-2}
gui_set_state_value -category Layout -key child_source_pos_y -value {-15}
gui_set_state_value -category Layout -key child_source_size_x -value 1230
gui_set_state_value -category Layout -key child_source_size_y -value 610
gui_set_state_value -category Layout -key child_wave_colname -value 266
gui_set_state_value -category Layout -key child_wave_colvalue -value 266
gui_set_state_value -category Layout -key child_wave_left -value 536
gui_set_state_value -category Layout -key child_wave_right -value 1309
gui_set_state_value -category Layout -key main_pos_x -value 40
gui_set_state_value -category Layout -key main_pos_y -value 140
gui_set_state_value -category Layout -key main_size_x -value 1808
gui_set_state_value -category Layout -key main_size_y -value 1023
gui_set_state_value -category Layout -key stand_source_child_pos_x -value {-2}
gui_set_state_value -category Layout -key stand_source_child_pos_y -value {-15}
gui_set_state_value -category Layout -key stand_source_child_size_x -value 128
gui_set_state_value -category Layout -key stand_source_child_size_y -value 392
gui_set_state_value -category Layout -key stand_wave_child_docknewline -value false
gui_set_state_value -category Layout -key stand_wave_child_pos_x -value {-2}
gui_set_state_value -category Layout -key stand_wave_child_pos_y -value {-15}
gui_set_state_value -category Layout -key stand_wave_child_size_x -value 1855
gui_set_state_value -category Layout -key stand_wave_child_size_y -value 827
gui_set_state_value -category Layout -key stand_wave_top_pos_x -value 32
gui_set_state_value -category Layout -key stand_wave_top_pos_y -value 569
gui_set_state_value -category Layout -key stand_wave_top_size_x -value 1882
gui_set_state_value -category Layout -key stand_wave_top_size_y -value 1508
gui_set_state_value -category Assertion -key show_assertion_type -value unattempted
gui_set_state_value -category Assertion -key show_cover_type -value not_covered
gui_set_state_value -category Driver -key driver_add_to_wave -value true
gui_create_state_key -category FindDialog -key m_pMatchCase -value_type bool -value false
gui_create_state_key -category FindDialog -key m_pMatchWord -value_type bool -value false
gui_create_state_key -category FindDialog -key m_pUseCombo -value_type string -value {}
gui_create_state_key -category FindDialog -key m_pWrapAround -value_type bool -value true
gui_create_state_key -category Widget_History -key TopLevel.1|qt_left_dock|DockWnd2|DLPane.1|pages|Data.1|hbox|textfilter -value_type string -value {dma_tx_reqa dma_tx_reqn dma_tx_req sir_in}
gui_state_default_create -off

# Begin command logging
gui_sim_run Ucli -exe ./simv -args {-ucligui  } -dir .
gui_list_expand -id  Hier.1   tb_network_switch
gui_list_select -id Hier.1 -current_item_name tb_network_switch.uut -current_item_type Scope  -selected  { tb_network_switch.uut   }
gui_list_select -id Data.1 -selected  { {tb_network_switch.uut.data_in[15:0][127:0]}   }
gui_list_select_all -id Data.1
gui_open_window Wave
gui_list_add -id Wave.1 -from Data.1 { tb_network_switch.uut.clk tb_network_switch.uut.reset {tb_network_switch.uut.data_in[15:0][127:0]} {tb_network_switch.uut.data_out[15:0][127:0]} {tb_network_switch.uut.ingress_data[127:0]} {tb_network_switch.uut.incoming_port[3:0]} {tb_network_switch.uut.src_addr[47:0]} {tb_network_switch.uut.dst_addr[47:0]} {tb_network_switch.uut.port_select[3:0]} tb_network_switch.uut.found {tb_network_switch.uut.broadcast[15:0]} {tb_network_switch.uut.memory_data_out[127:0]} {tb_network_switch.uut.memory_addr[7:0]} tb_network_switch.uut.memory_write_en tb_network_switch.uut.memory_read_en {tb_network_switch.uut.next_free_memory_addr[7:0]} {tb_network_switch.uut.egress_data[127:0]} {tb_network_switch.uut.queue_enqueue[15:0]} {tb_network_switch.uut.queue_dequeue[15:0]} {tb_network_switch.uut.queue_empty[15:0]} {tb_network_switch.uut.queue_full[15:0]} {tb_network_switch.uut.queues_data_out[15:0][127:0]} {tb_network_switch.uut.WIDTH[31:0]} {tb_network_switch.uut.PORTS[31:0]} {tb_network_switch.uut.QUEUE_DEPTH[31:0]} } -insertionbar
gui_sim_continue  
gui_wv_scroll_hslidermove -id  Wave.1 3091
gui_zoom -window Wave.1 -factor 0.5
gui_zoom -window Wave.1 -factor 0.5
gui_zoom -window Wave.1 -factor 0.5
gui_zoom -window Wave.1 -factor 0.5
gui_zoom -window Wave.1 -factor 2
gui_zoom -window Wave.1 -factor 2
gui_zoom -window Wave.1 -factor 2
gui_wv_scroll_hslidermove -id  Wave.1 0
gui_list_select -id Wave.1 -selected  { {tb_network_switch.uut.port_select[3:0]}   }
gui_list_select -id Wave.1 -selected  { {tb_network_switch.uut.ingress_data[127:0]}   }
gui_list_select -id Wave.1 -selected  { {tb_network_switch.uut.incoming_port[3:0]}   }
gui_marker_move -id  Wave.1 C1 432
