18:28:40    16 -->                                                             [tcl] ucliGUI::connect -toolargs -ucligui -toolexe ./simv -pid 3244829 -toolin /tmp/vcs_20240812125837_3244828_harishkv..stdin -toolout /tmp/vcs_20240812125837_3244828_harishkv..stdout  
18:28:40    17 -->                                                                 [tcl] set ucliGUI::state
18:28:40    18 -->                                                                     [tcl] set ucliGUI::state
18:28:40    19 -->                                                                         [tcl] ucliCore::getToolPID
18:28:40    20 -->                                                                             [tcl] synopsys::env hasTB
18:28:40    21 -->                                                                                 [tcl] trigger_hier_stack_context_switch 0
18:28:40    22 -->                                                                                     [tcl] synUtils::setDVEInitPhase 1
18:28:40    23 -->                                                                                         [tcl] gui_get_env SIMSETUP::SIMVPD
18:28:40    24 -->                                                                                             [tcl] synopsys::dump -type VPD -file /home/harishkv/Switch_Modelling/Verification-of-FIFO-using-SystemVerilog/switch/inter.vpd -locking
18:28:40    25 --> ...  [tcl] synopsys::dump -autoflush on -fid VPD0
18:28:40    26 --> ...      [tcl] set ::dve_fid VPD0
18:28:40    27 --> ...          [tcl] synUtils::setDVEInitPhase 0
18:28:40    28 --> ...              [tcl] ucliCore::getToolPID
18:28:40    29 --> ...                  [tcl] synUtils::sendTool -active _icl_setToolSocket /tmp/smlnpUPMw4M
18:28:40    30 --> ...                      [tcl] synUtils::sendTool -active {_icl_start_rpc -version "U-2023.03-1" -sync_file /tmp/vcs_dve_rpc.harishkv.3244829}
18:28:41    31 --> ...                          [tcl] synUtils::sendTool -active {_icl_createSharedMemory /tmp/vcs_dve_general.harishkv.3244829}
18:28:41    32 --> ...                              [tcl] dveMisc::vbusExpand tb_network_switch
18:28:41    33 --> ...                                  [tcl] config endofsim noexit
18:28:41    34 --> ...                                      [tcl] config onfail enable all
18:28:41    35 --> ...                                          [tcl] config syscaddplainmembers
18:28:41    36 --> ...                                              [tcl] config syscaddsourcenames
18:28:41    37 --> ...                                                  [tcl] config syscaddstructtypes
18:28:41    38 --> ...                                                      [tcl] synopsys::listing -disable
18:28:44    39 --> ...                                                          [tcl] dveMisc::vbusExpand tb_network_switch.uut
18:28:48    40 --> ...                                                              [tcl] synopsys::dump -add {tb_network_switch.uut.PORTS tb_network_switch.uut.QUEUE_DEPTH tb_network_switch.uut.WIDTH tb_network_switch.uut.broadcast tb_network_switch.uut.clk tb_network_switch.uut.data_in tb_network_switch.uut.data_out tb_network_switch.uut.dst_addr tb_network_switch.uut.egress_data tb_network_switch.uut.found tb_network_switch.uut.incoming_port tb_network_switch.uut.ingress_data tb_network_switch.uut.memory_addr tb_network_switch.uut.memory_data_out tb_network_switch.uut.memory_read_en tb_network_switch.uut.memory_write_en tb_network_switch.uut.next_free_memory_addr tb_network_switch.uut.port_select tb_network_switch.uut.queue_dequeue tb_network_switch.uut.queue_empty tb_network_switch.uut.queue_enqueue tb_network_switch.uut.queue_full tb_network_switch.uut.queues_data_out tb_network_switch.uut.reset tb_network_switch.uut.src_addr } -aggregates  -fid VPD0
18:28:50    41 --> ...                                                                  [tcl] synopsys::run
18:28:50    42 --> ...                                                                      [tcl] set ucliGUI::state
18:28:50    43 --> ...                                                                          [tcl] gui_update_simulator_buttons
18:28:50    44 --> ...                                                                              [tcl] set ucliGUI::state
18:28:50    45 --> ...                                                                                  [tcl] gui_update_simulator_buttons
18:28:51    46 --> ...                                                                                      [tcl] set ucliGUI::state
18:28:51    47 --> ...                                                                                          [tcl] set ucliGUI::state
18:28:51    48 --> ...                                                                                              [tcl] catch {senv activeDomain} dveMisc::result 
18:28:51    49 --> ...                                                                                                  [tcl] set dveMisc::result
18:28:51    50 --> ...  [tcl] gui_update_simulator_buttons
