2024-04-05 12:21:48 - gen_exe_apb_write_verify_test target is built successfully
2024-04-05 12:21:48 - gen_exe_apb_base_test target is built successfully
2024-04-05 12:21:48 - gen_exe_apb_write_verify_error_test target is built successfully
2024-04-05 12:21:48 - gen_exe_apb_random_read_write_override_test target is built successfully
2024-04-05 12:24:19 - gen_exe_apb_write_verify_test target is built successfully
2024-04-05 12:24:19 - gen_exe_apb_base_test target is built successfully
2024-04-05 12:24:19 - gen_exe_apb_write_verify_error_test target is built successfully
2024-04-05 12:24:19 - gen_exe_apb_random_read_write_override_test target is built successfully
2024-04-05 12:26:42 - gen_exe_apb_write_verify_test target is built successfully
2024-04-05 12:26:42 - gen_exe_apb_base_test target is built successfully
2024-04-05 12:26:42 - gen_exe_apb_write_verify_error_test target is built successfully
2024-04-05 12:26:42 - gen_exe_apb_random_read_write_override_test target is built successfully
2024-04-05 12:30:35 - Build failed some compilation errors has occured
2024-04-05 12:30:35 - Build failed some compilation errors has occured
2024-04-05 12:30:35 - Build failed some compilation errors has occured
2024-04-05 12:30:35 - Build failed some compilation errors has occured
2024-04-05 12:46:02 - gen_exe_apb_write_verify_test target is built successfully
2024-04-05 12:46:02 - gen_exe_apb_base_test target is built successfully
2024-04-05 12:46:02 - gen_exe_apb_write_verify_error_test target is built successfully
2024-04-05 12:46:02 - gen_exe_apb_random_read_write_override_test target is built successfully
2024-04-05 12:46:17 - Build falied some compilation errors has occured
2024-04-05 12:46:18 - Build falied some compilation errors has occured
2024-04-05 12:46:18 - Build falied some compilation errors has occured
2024-04-05 12:46:19 - Build falied some compilation errors has occured
2024-04-05 12:46:40 - gen_exe_apb_write_verify_test target is built successfully
2024-04-05 12:46:52 - gen_exe_apb_base_test target is built successfully
2024-04-05 12:47:05 - gen_exe_apb_write_verify_error_test target is built successfully
2024-04-05 12:47:17 - gen_exe_apb_random_read_write_override_test target is built successfully
2024-04-05 12:52:48 - gen_exe_apb_write_verify_test target is built successfully
2024-04-05 12:52:48 - gen_exe_apb_base_test target is built successfully
2024-04-05 12:52:48 - gen_exe_apb_write_verify_error_test target is built successfully
2024-04-05 12:52:48 - gen_exe_apb_random_read_write_override_test target is built successfully
2024-04-05 12:57:28 - gen_exe_apb_write_verify_test target is built successfully
2024-04-05 12:57:28 - gen_exe_apb_base_test target is built successfully
2024-04-05 12:57:28 - gen_exe_apb_write_verify_error_test target is built successfully
2024-04-05 12:57:28 - gen_exe_apb_random_read_write_override_test target is built successfully
2024-04-05 12:57:38 - gen_exe_apb_write_verify_test target is built successfully
2024-04-05 12:57:38 - gen_exe_apb_base_test target is built successfully
2024-04-05 12:57:38 - gen_exe_apb_write_verify_error_test target is built successfully
2024-04-05 12:57:38 - gen_exe_apb_random_read_write_override_test target is built successfully
2024-04-05 12:59:45 - gen_exe_apb_write_verify_test target is built successfully
2024-04-05 12:59:45 - gen_exe_apb_base_test target is built successfully
2024-04-05 12:59:45 - gen_exe_apb_write_verify_error_test target is built successfully
2024-04-05 12:59:45 - gen_exe_apb_random_read_write_override_test target is built successfully
2024-04-05 13:02:45 - gen_exe_apb_write_verify_test target is built successfully
2024-04-05 13:02:45 - gen_exe_apb_base_test target is built successfully
2024-04-05 13:02:45 - gen_exe_apb_write_verify_error_test target is built successfully
2024-04-05 13:02:45 - gen_exe_apb_random_read_write_override_test target is built successfully
2024-04-05 13:03:57 - gen_exe_apb_write_verify_test target is built successfully
2024-04-05 13:03:57 - gen_exe_apb_base_test target is built successfully
2024-04-05 13:03:57 - gen_exe_apb_write_verify_error_test target is built successfully
2024-04-05 13:03:57 - gen_exe_apb_random_read_write_override_test target is built successfully
2024-04-05 13:04:07 - Build falied some compilation errors has occured
2024-04-05 13:04:07 - Build falied some compilation errors has occured
2024-04-05 13:04:07 - Build falied some compilation errors has occured
2024-04-05 13:04:07 - Build falied some compilation errors has occured
2024-04-05 13:04:58 - Build falied some compilation errors has occured
2024-04-05 13:04:58 - Build falied some compilation errors has occured
2024-04-05 13:04:58 - Build falied some compilation errors has occured
2024-04-05 13:04:58 - Build falied some compilation errors has occured
2024-04-05 13:05:20 - Build falied some compilation errors has occured
2024-04-05 13:05:21 - Build falied some compilation errors has occured
2024-04-05 13:05:21 - Build falied some compilation errors has occured
2024-04-05 13:05:21 - Build falied some compilation errors has occured
2024-04-05 13:05:57 - Build falied some compilation errors has occured
2024-04-05 13:05:57 - Build falied some compilation errors has occured
2024-04-05 13:05:57 - Build falied some compilation errors has occured
2024-04-05 13:05:57 - Build falied some compilation errors has occured
2024-04-05 13:11:02 - Build falied some compilation errors has occured
2024-04-05 13:11:02 - Build falied some compilation errors has occured
2024-04-05 13:11:02 - Build falied some compilation errors has occured
2024-04-05 13:11:02 - Build falied some compilation errors has occured
2024-04-05 13:11:46 - Build falied some compilation errors has occured
2024-04-05 13:11:47 - Build falied some compilation errors has occured
2024-04-05 13:11:48 - Build falied some compilation errors has occured
2024-04-05 13:11:50 - Build falied some compilation errors has occured
2024-04-05 13:12:24 - gen_exe_apb_write_verify_test target is built successfully
2024-04-05 13:12:36 - gen_exe_apb_base_test target is built successfully
2024-04-05 13:12:47 - gen_exe_apb_write_verify_error_test target is built successfully
2024-04-05 13:12:59 - gen_exe_apb_random_read_write_override_test target is built successfully
2024-04-05 13:14:28 - gen_exe_apb_write_verify_test target is built successfully
2024-04-05 13:14:28 - gen_exe_apb_base_test target is built successfully
2024-04-05 13:14:28 - gen_exe_apb_write_verify_error_test target is built successfully
2024-04-05 13:14:28 - gen_exe_apb_random_read_write_override_test target is built successfully
2024-04-05 13:15:38 - gen_exe_apb_write_verify_test target is built successfully
2024-04-05 13:15:38 - gen_exe_apb_base_test target is built successfully
2024-04-05 13:15:38 - gen_exe_apb_write_verify_error_test target is built successfully
2024-04-05 13:15:38 - gen_exe_apb_random_read_write_override_test target is built successfully
2024-04-05 13:15:52 - Build falied some compilation errors has occured
2024-04-05 13:15:52 - Build falied some compilation errors has occured
2024-04-05 13:15:53 - Build falied some compilation errors has occured
2024-04-05 13:15:53 - Build falied some compilation errors has occured
2024-04-05 13:22:28 - Build falied some compilation errors has occured
2024-04-05 13:22:28 - Build falied some compilation errors has occured
2024-04-05 13:22:28 - Build falied some compilation errors has occured
2024-04-05 13:22:29 - Build falied some compilation errors has occured
2024-04-05 13:25:04 - Build falied some compilation errors has occured
2024-04-05 13:25:04 - Build falied some compilation errors has occured
2024-04-05 13:25:05 - Build falied some compilation errors has occured
2024-04-05 13:25:05 - Build falied some compilation errors has occured
2024-04-05 13:27:43 - Build falied some compilation errors has occured
2024-04-05 13:27:43 - Build falied some compilation errors has occured
2024-04-05 13:27:43 - Build falied some compilation errors has occured
2024-04-05 13:27:44 - Build falied some compilation errors has occured
2024-04-05 13:28:43 - Build falied some compilation errors has occured
2024-04-05 13:28:43 - Build falied some compilation errors has occured
2024-04-05 13:28:43 - Build falied some compilation errors has occured
2024-04-05 13:28:43 - Build falied some compilation errors has occured
2024-04-05 13:33:22 - Build falied some compilation errors has occured
2024-04-05 13:33:22 - Build falied some compilation errors has occured
2024-04-05 13:33:22 - Build falied some compilation errors has occured
2024-04-05 13:33:22 - Build falied some compilation errors has occured
2024-04-05 13:33:45 - Build falied some compilation errors has occured
2024-04-05 13:33:45 - Build falied some compilation errors has occured
2024-04-05 13:33:45 - Build falied some compilation errors has occured
2024-04-05 13:33:45 - Build falied some compilation errors has occured
2024-04-05 14:28:05 - Build falied some compilation errors has occured
2024-04-05 14:28:05 - Build falied some compilation errors has occured
2024-04-05 14:28:05 - Build falied some compilation errors has occured
2024-04-05 14:28:05 - Build falied some compilation errors has occured
2024-04-05 14:31:01 - Build falied some compilation errors has occured
2024-04-05 14:31:04 - Build falied some compilation errors has occured
2024-04-05 14:31:04 - Build falied some compilation errors has occured
2024-04-05 14:31:05 - Build falied some compilation errors has occured
2024-04-05 14:33:51 - Build falied some compilation errors has occured
2024-04-05 14:33:52 - Build falied some compilation errors has occured
2024-04-05 14:33:53 - Build falied some compilation errors has occured
2024-04-05 14:33:53 - Build falied some compilation errors has occured
2024-04-05 14:35:20 - Build falied some compilation errors has occured
2024-04-05 14:35:21 - Build falied some compilation errors has occured
2024-04-05 14:35:22 - Build falied some compilation errors has occured
2024-04-05 14:35:23 - Build falied some compilation errors has occured
2024-04-05 14:36:28 - Build falied some compilation errors has occured
2024-04-05 14:36:29 - Build falied some compilation errors has occured
2024-04-05 14:36:30 - Build falied some compilation errors has occured
2024-04-05 14:36:31 - Build falied some compilation errors has occured
2024-04-05 14:40:15 - gen_exe_apb_write_verify_test target is built successfully
2024-04-05 14:40:28 - gen_exe_apb_base_test target is built successfully
2024-04-05 14:40:40 - gen_exe_apb_write_verify_error_test target is built successfully
2024-04-05 14:40:53 - gen_exe_apb_random_read_write_override_test target is built successfully
2024-04-05 14:42:45 - gen_exe_apb_write_verify_test target is built successfully
2024-04-05 14:42:45 - gen_exe_apb_base_test target is built successfully
2024-04-05 14:42:45 - gen_exe_apb_write_verify_error_test target is built successfully
2024-04-05 14:42:45 - gen_exe_apb_random_read_write_override_test target is built successfully
2024-04-05 14:43:06 - Build falied some compilation errors has occured
2024-04-05 14:43:07 - Build falied some compilation errors has occured
2024-04-05 14:43:08 - Build falied some compilation errors has occured
2024-04-05 14:43:08 - Build falied some compilation errors has occured
2024-04-05 14:44:16 - gen_exe_apb_write_verify_test target is built successfully
2024-04-05 14:44:28 - gen_exe_apb_base_test target is built successfully
2024-04-05 14:44:40 - gen_exe_apb_write_verify_error_test target is built successfully
2024-04-05 14:44:55 - Build falied some compilation errors has occured
2024-04-05 14:44:55 - Build falied some compilation errors has occured
2024-04-05 14:44:55 - Build falied some compilation errors has occured
2024-04-05 14:44:55 - Build falied some compilation errors has occured
2024-04-05 14:46:06 - Build falied some compilation errors has occured
2024-04-05 14:46:06 - Build falied some compilation errors has occured
2024-04-05 14:46:06 - Build falied some compilation errors has occured
2024-04-05 14:46:06 - Build falied some compilation errors has occured
2024-04-05 14:46:30 - Build falied some compilation errors has occured
2024-04-05 14:46:30 - Build falied some compilation errors has occured
2024-04-05 14:46:31 - Build falied some compilation errors has occured
2024-04-05 14:46:31 - Build falied some compilation errors has occured
2024-04-05 14:47:47 - gen_exe_apb_write_verify_test target is built successfully
2024-04-05 14:48:04 - gen_exe_apb_base_test target is built successfully
2024-04-05 14:48:17 - gen_exe_apb_write_verify_error_test target is built successfully
2024-04-05 14:48:29 - gen_exe_apb_random_read_write_override_test target is built successfully
2024-04-05 14:53:54 - gen_exe_apb_write_verify_test target is built successfully
2024-04-05 14:53:54 - gen_exe_apb_base_test target is built successfully
2024-04-05 14:53:54 - gen_exe_apb_write_verify_error_test target is built successfully
2024-04-05 14:53:54 - gen_exe_apb_random_read_write_override_test target is built successfully
2024-04-05 14:54:11 - Build falied some compilation errors has occured
2024-04-05 14:54:11 - Build falied some compilation errors has occured
2024-04-05 14:54:11 - Build falied some compilation errors has occured
2024-04-05 14:54:11 - Build falied some compilation errors has occured
2024-04-05 15:53:14 - Build falied some compilation errors has occured
2024-04-05 15:53:14 - Build falied some compilation errors has occured
2024-04-05 15:53:14 - Build falied some compilation errors has occured
2024-04-05 15:53:14 - Build falied some compilation errors has occured
2024-04-05 15:53:59 - Build falied some compilation errors has occured
2024-04-05 15:53:59 - Build falied some compilation errors has occured
2024-04-05 15:53:59 - Build falied some compilation errors has occured
2024-04-05 15:53:59 - Build falied some compilation errors has occured
2024-04-05 16:04:47 - gen_exe_apb_write_verify_test target is built successfully
2024-04-05 16:04:59 - gen_exe_apb_base_test target is built successfully
2024-04-05 16:05:11 - gen_exe_apb_write_verify_error_test target is built successfully
2024-04-05 16:05:24 - gen_exe_apb_random_read_write_override_test target is built successfully
2024-04-05 16:06:04 - gen_exe_apb_write_verify_test target is built successfully
2024-04-05 16:06:12 - gen_exe_apb_base_test target is built successfully
2024-04-05 16:06:20 - gen_exe_apb_write_verify_error_test target is built successfully
2024-04-05 16:06:29 - gen_exe_apb_random_read_write_override_test target is built successfully
2024-04-05 16:10:14 - gen_exe_apb_write_verify_test target is built successfully
2024-04-05 16:10:14 - gen_exe_apb_base_test target is built successfully
2024-04-05 16:10:14 - gen_exe_apb_write_verify_error_test target is built successfully
2024-04-05 16:10:14 - gen_exe_apb_random_read_write_override_test target is built successfully
2024-04-05 16:22:28 - gen_exe_apb_write_verify_test target is built successfully
2024-04-05 16:22:28 - gen_exe_apb_base_test target is built successfully
2024-04-05 16:22:28 - gen_exe_apb_write_verify_error_test target is built successfully
2024-04-05 16:22:28 - gen_exe_apb_random_read_write_override_test target is built successfully
2024-04-05 16:22:55 - gen_exe_apb_write_verify_test target is built successfully
2024-04-05 16:23:05 - gen_exe_apb_base_test target is built successfully
2024-04-05 16:23:14 - gen_exe_apb_write_verify_error_test target is built successfully
2024-04-05 16:23:24 - gen_exe_apb_random_read_write_override_test target is built successfully
2024-04-05 16:24:24 - gen_exe_apb_write_verify_test target is built successfully
2024-04-05 16:24:24 - gen_exe_apb_base_test target is built successfully
2024-04-05 16:24:24 - gen_exe_apb_write_verify_error_test target is built successfully
2024-04-05 16:24:24 - gen_exe_apb_random_read_write_override_test target is built successfully
2024-04-05 16:27:23 - gen_exe_apb_write_verify_test target is built successfully
2024-04-05 16:27:23 - gen_exe_apb_base_test target is built successfully
2024-04-05 16:27:23 - gen_exe_apb_write_verify_error_test target is built successfully
2024-04-05 16:27:23 - gen_exe_apb_random_read_write_override_test target is built successfully
2024-04-05 16:37:09 - gen_exe_apb_write_verify_test target is built successfully
2024-04-05 16:37:09 - gen_exe_apb_base_test target is built successfully
2024-04-05 16:37:09 - gen_exe_apb_write_verify_error_test target is built successfully
2024-04-05 16:37:09 - gen_exe_apb_random_read_write_override_test target is built successfully
2024-04-05 16:42:20 - gen_exe_apb_write_verify_test target is built successfully
2024-04-05 16:42:20 - gen_exe_apb_base_test target is built successfully
2024-04-05 16:42:20 - gen_exe_apb_write_verify_error_test target is built successfully
2024-04-05 16:42:20 - gen_exe_apb_random_read_write_override_test target is built successfully
2024-04-05 16:42:26 - gen_exe_apb_write_verify_test target is built successfully
2024-04-05 16:42:26 - gen_exe_apb_base_test target is built successfully
2024-04-05 16:42:26 - gen_exe_apb_write_verify_error_test target is built successfully
2024-04-05 16:42:26 - gen_exe_apb_random_read_write_override_test target is built successfully
2024-04-05 16:49:58 - gen_exe_apb_write_verify_test target is built successfully
2024-04-05 16:49:58 - gen_exe_apb_base_test target is built successfully
2024-04-05 16:49:58 - gen_exe_apb_write_verify_error_test target is built successfully
2024-04-05 16:49:58 - gen_exe_apb_random_read_write_override_test target is built successfully
2024-04-05 16:51:19 - gen_exe_apb_write_verify_test target is built successfully
2024-04-05 16:51:19 - gen_exe_apb_base_test target is built successfully
2024-04-05 16:51:19 - gen_exe_apb_write_verify_error_test target is built successfully
2024-04-05 16:51:19 - gen_exe_apb_random_read_write_override_test target is built successfully
2024-04-05 16:52:03 - gen_exe_apb_write_verify_test target is built successfully
2024-04-05 16:52:03 - gen_exe_apb_base_test target is built successfully
2024-04-05 16:52:03 - gen_exe_apb_write_verify_error_test target is built successfully
2024-04-05 16:52:03 - gen_exe_apb_random_read_write_override_test target is built successfully
2024-04-05 17:06:58 - gen_exe_apb_write_verify_test target is built successfully
2024-04-05 17:06:58 - gen_exe_apb_base_test target is built successfully
2024-04-05 17:06:58 - gen_exe_apb_write_verify_error_test target is built successfully
2024-04-05 17:06:58 - gen_exe_apb_random_read_write_override_test target is built successfully
2024-04-05 17:30:04 - gen_exe_apb_write_verify_test target is built successfully
2024-04-05 17:30:04 - gen_exe_apb_base_test target is built successfully
2024-04-05 17:30:04 - gen_exe_apb_write_verify_error_test target is built successfully
2024-04-05 17:30:04 - gen_exe_apb_random_read_write_override_test target is built successfully
2024-04-05 17:31:09 - gen_exe_apb_write_verify_test target is built successfully
2024-04-05 17:31:09 - gen_exe_apb_base_test target is built successfully
2024-04-05 17:31:09 - gen_exe_apb_write_verify_error_test target is built successfully
2024-04-05 17:31:09 - gen_exe_apb_random_read_write_override_test target is built successfully
2024-04-05 17:31:25 - gen_exe_apb_write_verify_test target is built successfully
2024-04-05 17:31:25 - gen_exe_apb_base_test target is built successfully
2024-04-05 17:31:25 - gen_exe_apb_write_verify_error_test target is built successfully
2024-04-05 17:31:25 - gen_exe_apb_random_read_write_override_test target is built successfully
2024-04-05 17:31:33 - gen_exe_apb_write_verify_test target is built successfully
2024-04-05 17:31:33 - gen_exe_apb_base_test target is built successfully
2024-04-05 17:31:33 - gen_exe_apb_write_verify_error_test target is built successfully
2024-04-05 17:31:33 - gen_exe_apb_random_read_write_override_test target is built successfully
2024-04-05 17:32:07 - gen_exe_apb_write_verify_test target is built successfully
2024-04-05 17:32:07 - gen_exe_apb_base_test target is built successfully
2024-04-05 17:32:07 - gen_exe_apb_write_verify_error_test target is built successfully
2024-04-05 17:32:07 - gen_exe_apb_random_read_write_override_test target is built successfully
2024-04-05 17:32:09 - gen_exe_apb_write_verify_test target is built successfully
2024-04-05 17:32:09 - gen_exe_apb_base_test target is built successfully
2024-04-05 17:32:09 - gen_exe_apb_write_verify_error_test target is built successfully
2024-04-05 17:32:09 - gen_exe_apb_random_read_write_override_test target is built successfully
2024-04-05 17:33:14 - gen_exe_apb_write_verify_test target is built successfully
2024-04-05 17:33:14 - gen_exe_apb_base_test target is built successfully
2024-04-05 17:33:14 - gen_exe_apb_write_verify_error_test target is built successfully
2024-04-05 17:33:14 - gen_exe_apb_random_read_write_override_test target is built successfully
2024-04-05 17:33:50 - gen_exe_apb_write_verify_test target is built successfully
2024-04-05 17:33:50 - gen_exe_apb_base_test target is built successfully
2024-04-05 17:33:50 - gen_exe_apb_write_verify_error_test target is built successfully
2024-04-05 17:33:50 - gen_exe_apb_random_read_write_override_test target is built successfully
2024-04-05 17:34:01 - gen_exe_apb_write_verify_test target is built successfully
2024-04-05 17:34:01 - gen_exe_apb_base_test target is built successfully
2024-04-05 17:34:01 - gen_exe_apb_write_verify_error_test target is built successfully
2024-04-05 17:34:01 - gen_exe_apb_random_read_write_override_test target is built successfully
2024-04-05 17:42:55 - gen_exe_apb_write_verify_test target is built successfully
2024-04-05 17:42:55 - gen_exe_apb_base_test target is built successfully
2024-04-05 17:42:55 - gen_exe_apb_write_verify_error_test target is built successfully
2024-04-05 17:42:55 - gen_exe_apb_random_read_write_override_test target is built successfully
2024-04-05 17:42:58 - gen_exe_apb_write_verify_test target is built successfully
2024-04-05 17:42:58 - gen_exe_apb_base_test target is built successfully
2024-04-05 17:42:58 - gen_exe_apb_write_verify_error_test target is built successfully
2024-04-05 17:42:58 - gen_exe_apb_random_read_write_override_test target is built successfully
2024-04-05 17:44:50 - gen_exe_apb_write_verify_test target is built successfully
2024-04-05 17:44:50 - gen_exe_apb_base_test target is built successfully
2024-04-05 17:44:50 - gen_exe_apb_write_verify_error_test target is built successfully
2024-04-05 17:44:50 - gen_exe_apb_random_read_write_override_test target is built successfully
2024-04-05 17:44:54 - gen_exe_apb_write_verify_test target is built successfully
2024-04-05 17:44:54 - gen_exe_apb_base_test target is built successfully
2024-04-05 17:44:54 - gen_exe_apb_write_verify_error_test target is built successfully
2024-04-05 17:44:54 - gen_exe_apb_random_read_write_override_test target is built successfully
