2024-04-04 11:07:56 - testData.json is successfully checked
2024-04-04 11:11:16 - testData.json is successfully checked
2024-04-04 17:43:18 - The founded targets are:
 ['gen_exe_apb_write_verify_test', 'gen_exe_apb_base_test', 'gen_exe_apb_write_verify_error_test', 'gen_exe_apb_random_read_write_override_test']
2024-04-05 10:20:42 - The founded targets are:
 ['gen_exe_apb_write_verify_test', 'gen_exe_apb_base_test', 'gen_exe_apb_write_verify_error_test', 'gen_exe_apb_random_read_write_override_test']
2024-04-05 10:21:16 - The founded targets are:
 ['gen_exe_apb_write_verify_test', 'gen_exe_apb_base_test', 'gen_exe_apb_write_verify_error_test', 'gen_exe_apb_random_read_write_override_test']
2024-04-05 10:23:35 - The founded targets are:
 ['gen_exe_apb_write_verify_test', 'gen_exe_apb_base_test', 'gen_exe_apb_write_verify_error_test', 'gen_exe_apb_random_read_write_override_test']
2024-04-05 10:26:32 - The founded targets are:
 ['gen_exe_apb_write_verify_test', 'gen_exe_apb_base_test', 'gen_exe_apb_write_verify_error_test', 'gen_exe_apb_random_read_write_override_test']
2024-04-05 10:27:37 - The founded targets are:
 ['gen_exe_apb_write_verify_test', 'gen_exe_apb_base_test', 'gen_exe_apb_write_verify_error_test', 'gen_exe_apb_random_read_write_override_test']
2024-04-05 10:28:31 - The founded targets are:
 ['gen_exe_apb_write_verify_test', 'gen_exe_apb_base_test', 'gen_exe_apb_write_verify_error_test', 'gen_exe_apb_random_read_write_override_test']
2024-04-05 10:29:34 - The founded targets are:
 ['gen_exe_apb_write_verify_test', 'gen_exe_apb_base_test', 'gen_exe_apb_write_verify_error_test', 'gen_exe_apb_random_read_write_override_test']
2024-04-05 10:30:28 - The founded targets are:
 ['gen_exe_apb_write_verify_test', 'gen_exe_apb_base_test', 'gen_exe_apb_write_verify_error_test', 'gen_exe_apb_random_read_write_override_test']
2024-04-05 10:30:51 - The founded targets are:
 ['gen_exe_apb_write_verify_test', 'gen_exe_apb_base_test', 'gen_exe_apb_write_verify_error_test', 'gen_exe_apb_random_read_write_override_test']
2024-04-05 10:31:38 - The founded targets are:
 ['gen_exe_apb_write_verify_test', 'gen_exe_apb_base_test', 'gen_exe_apb_write_verify_error_test', 'gen_exe_apb_random_read_write_override_test']
2024-04-05 10:32:06 - The founded targets are:
 ['gen_exe_apb_write_verify_test', 'gen_exe_apb_base_test', 'gen_exe_apb_write_verify_error_test', 'gen_exe_apb_random_read_write_override_test']
2024-04-05 10:33:28 - The founded targets are:
 ['gen_exe_apb_write_verify_test', 'gen_exe_apb_base_test', 'gen_exe_apb_write_verify_error_test', 'gen_exe_apb_random_read_write_override_test']
2024-04-05 10:34:49 - The founded targets are:
 ['gen_exe_apb_write_verify_test', 'gen_exe_apb_base_test', 'gen_exe_apb_write_verify_error_test', 'gen_exe_apb_random_read_write_override_test']
2024-04-05 10:39:12 - The founded targets are:
 ['gen_exe_apb_write_verify_test', 'gen_exe_apb_base_test', 'gen_exe_apb_write_verify_error_test', 'gen_exe_apb_random_read_write_override_test']
2024-04-05 10:39:48 - The founded targets are:
 ['gen_exe_apb_write_verify_test', 'gen_exe_apb_base_test', 'gen_exe_apb_write_verify_error_test', 'gen_exe_apb_random_read_write_override_test']
2024-04-05 10:41:32 - The founded targets are:
 ['gen_exe_apb_write_verify_test', 'gen_exe_apb_base_test', 'gen_exe_apb_write_verify_error_test', 'gen_exe_apb_random_read_write_override_test']
2024-04-05 10:44:18 - The founded targets are:
 ['gen_exe_apb_write_verify_test', 'gen_exe_apb_base_test', 'gen_exe_apb_write_verify_error_test', 'gen_exe_apb_random_read_write_override_test']
2024-04-05 10:44:31 - The founded targets are:
 ['gen_exe_apb_write_verify_test', 'gen_exe_apb_base_test', 'gen_exe_apb_write_verify_error_test', 'gen_exe_apb_random_read_write_override_test']
2024-04-05 10:45:43 - The founded targets are:
 ['gen_exe_apb_write_verify_test', 'gen_exe_apb_base_test', 'gen_exe_apb_write_verify_error_test', 'gen_exe_apb_random_read_write_override_test']
2024-04-05 10:46:17 - The founded targets are:
 ['gen_exe_apb_write_verify_test', 'gen_exe_apb_base_test', 'gen_exe_apb_write_verify_error_test', 'gen_exe_apb_random_read_write_override_test']
2024-04-05 10:46:55 - The founded targets are:
 ['gen_exe_apb_write_verify_test', 'gen_exe_apb_base_test', 'gen_exe_apb_write_verify_error_test', 'gen_exe_apb_random_read_write_override_test']
2024-04-05 10:48:07 - The founded targets are:
 ['gen_exe_apb_write_verify_test', 'gen_exe_apb_base_test', 'gen_exe_apb_write_verify_error_test', 'gen_exe_apb_random_read_write_override_test']
2024-04-05 10:48:28 - The founded targets are:
 ['gen_exe_apb_write_verify_test', 'gen_exe_apb_base_test', 'gen_exe_apb_write_verify_error_test', 'gen_exe_apb_random_read_write_override_test']
2024-04-05 10:59:21 - The founded targets are:
 ['gen_exe_apb_write_verify_test', 'gen_exe_apb_base_test', 'gen_exe_apb_write_verify_error_test', 'gen_exe_apb_random_read_write_override_test']
2024-04-05 11:00:26 - The founded targets are:
 ['gen_exe_apb_write_verify_test', 'gen_exe_apb_base_test', 'gen_exe_apb_write_verify_error_test', 'gen_exe_apb_random_read_write_override_test']
2024-04-05 11:02:52 - The founded targets are:
 ['gen_exe_apb_write_verify_test', 'gen_exe_apb_base_test', 'gen_exe_apb_write_verify_error_test', 'gen_exe_apb_random_read_write_override_test']
2024-04-05 11:03:17 - The founded targets are:
 ['gen_exe_apb_write_verify_test', 'gen_exe_apb_base_test', 'gen_exe_apb_write_verify_error_test', 'gen_exe_apb_random_read_write_override_test']
2024-04-05 11:04:25 - The founded targets are:
 ['gen_exe_apb_write_verify_test', 'gen_exe_apb_base_test', 'gen_exe_apb_write_verify_error_test', 'gen_exe_apb_random_read_write_override_test']
2024-04-05 11:08:24 - The founded targets are:
 ['gen_exe_apb_base_test', 'gen_exe_apb_write_verify_error_test', 'gen_exe_apb_random_read_write_override_test']
2024-04-05 11:08:50 - The founded targets are:
 ['gen_exe_apb_base_test', 'gen_exe_apb_write_verify_error_test', 'gen_exe_apb_random_read_write_override_test']
2024-04-05 11:09:51 - The founded targets are:
 ['gen_exe_apb_base_test', 'gen_exe_apb_write_verify_error_test', 'gen_exe_apb_random_read_write_override_test']
2024-04-05 11:10:27 - The founded targets are:
 ['gen_exe_apb_write_verify_test', 'gen_exe_apb_base_test', 'gen_exe_apb_write_verify_error_test', 'gen_exe_apb_random_read_write_override_test']
2024-04-05 11:11:11 - The founded targets are:
 ['gen_exe_apb_write_verify_test', 'gen_exe_apb_base_test', 'gen_exe_apb_write_verify_error_test', 'gen_exe_apb_random_read_write_override_test']
2024-04-05 11:13:39 - The founded targets are:
 ['gen_exe_apb_write_verify_test', 'gen_exe_apb_base_test', 'gen_exe_apb_write_verify_error_test', 'gen_exe_apb_random_read_write_override_test']
2024-04-05 11:14:48 - The founded targets are:
 ['gen_exe_apb_write_verify_test', 'gen_exe_apb_base_test', 'gen_exe_apb_write_verify_error_test', 'gen_exe_apb_random_read_write_override_test']
2024-04-05 11:14:58 - The founded targets are:
 ['gen_exe_apb_write_verify_test', 'gen_exe_apb_base_test', 'gen_exe_apb_write_verify_error_test', 'gen_exe_apb_random_read_write_override_test']
2024-04-05 11:17:59 - The founded targets are:
 ['gen_exe_apb_write_verify_test', 'gen_exe_apb_base_test', 'gen_exe_apb_write_verify_error_test', 'gen_exe_apb_random_read_write_override_test']
2024-04-05 11:18:50 - The founded targets are:
 ['gen_exe_apb_write_verify_test', 'gen_exe_apb_base_test', 'gen_exe_apb_write_verify_error_test', 'gen_exe_apb_random_read_write_override_test']
2024-04-05 11:19:30 - The founded targets are:
 ['gen_exe_apb_write_verify_test', 'gen_exe_apb_base_test', 'gen_exe_apb_write_verify_error_test', 'gen_exe_apb_random_read_write_override_test']
2024-04-05 11:19:58 - The founded targets are:
 ['gen_exe_apb_write_verify_test', 'gen_exe_apb_base_test', 'gen_exe_apb_write_verify_error_test', 'gen_exe_apb_random_read_write_override_test']
2024-04-05 11:55:03 - The founded targets are:
 []
2024-04-05 11:55:36 - The founded targets are:
 ['gen_exe_apb_write_verify_test', 'gen_exe_apb_base_test', 'gen_exe_apb_write_verify_error_test']
2024-04-05 11:56:00 - The founded targets are:
 ['gen_exe_apb_write_verify_test', 'gen_exe_apb_base_test', 'gen_exe_apb_write_verify_error_test']
2024-04-05 11:59:13 - The founded targets are:
 ['gen_exe_apb_write_verify_test', 'gen_exe_apb_base_test', 'gen_exe_apb_write_verify_error_test', 'gen_exe_apb_random_read_write_override_test']
2024-04-05 12:15:30 - The founded targets are:
 ['gen_exe_apb_write_verify_test', 'gen_exe_apb_base_test', 'gen_exe_apb_write_verify_error_test', 'gen_exe_apb_random_read_write_override_test']
2024-04-05 12:16:57 - The founded targets are:
 ['gen_exe_apb_write_verify_test', 'gen_exe_apb_base_test', 'gen_exe_apb_write_verify_error_test', 'gen_exe_apb_random_read_write_override_test']
2024-04-05 12:18:06 - The founded targets are:
 ['gen_exe_apb_write_verify_test', 'gen_exe_apb_base_test', 'gen_exe_apb_write_verify_error_test', 'gen_exe_apb_random_read_write_override_test']
2024-04-05 12:18:20 - The founded targets are:
 ['gen_exe_apb_write_verify_test', 'gen_exe_apb_base_test', 'gen_exe_apb_write_verify_error_test', 'gen_exe_apb_random_read_write_override_test']
2024-04-05 12:19:03 - The founded targets are:
 ['gen_exe_apb_write_verify_test', 'gen_exe_apb_base_test', 'gen_exe_apb_write_verify_error_test', 'gen_exe_apb_random_read_write_override_test']
2024-04-05 12:19:09 - The founded targets are:
 ['gen_exe_apb_write_verify_test', 'gen_exe_apb_base_test', 'gen_exe_apb_write_verify_error_test', 'gen_exe_apb_random_read_write_override_test']
2024-04-05 12:19:40 - The founded targets are:
 ['gen_exe_apb_write_verify_test', 'gen_exe_apb_base_test', 'gen_exe_apb_write_verify_error_test', 'gen_exe_apb_random_read_write_override_test']
2024-04-05 12:20:51 - The founded targets are:
 ['gen_exe_apb_write_verify_test', 'gen_exe_apb_base_test', 'gen_exe_apb_write_verify_error_test', 'gen_exe_apb_random_read_write_override_test']
2024-04-05 12:21:48 - The founded targets are:
 ['gen_exe_apb_write_verify_test', 'gen_exe_apb_base_test', 'gen_exe_apb_write_verify_error_test', 'gen_exe_apb_random_read_write_override_test']
2024-04-05 12:24:19 - The founded targets are:
 ['gen_exe_apb_write_verify_test', 'gen_exe_apb_base_test', 'gen_exe_apb_write_verify_error_test', 'gen_exe_apb_random_read_write_override_test']
2024-04-05 12:26:04 - The founded targets are:
 ['gen_exe_apb_write_verify_test', 'gen_exe_apb_base_test', 'gen_exe_apb_write_verify_error_test', 'gen_exe_apb_random_read_write_override_test']
2024-04-05 12:26:22 - The founded targets are:
 ['gen_exe_apb_write_verify_test', 'gen_exe_apb_base_test', 'gen_exe_apb_write_verify_error_test', 'gen_exe_apb_random_read_write_override_test']
2024-04-05 12:26:42 - The founded targets are:
 ['gen_exe_apb_write_verify_test', 'gen_exe_apb_base_test', 'gen_exe_apb_write_verify_error_test', 'gen_exe_apb_random_read_write_override_test']
2024-04-05 12:30:35 - The founded targets are:
 ['gen_exe_apb_write_verify_test', 'gen_exe_apb_base_test', 'gen_exe_apb_write_verify_error_test', 'gen_exe_apb_random_read_write_override_test']
2024-04-05 12:34:56 - The founded targets are:
 ['gen_exe_apb_write_verify_test', 'gen_exe_apb_base_test', 'gen_exe_apb_write_verify_error_test', 'gen_exe_apb_random_read_write_override_test']
2024-04-05 12:42:15 - The founded targets are:
 ['gen_exe_apb_write_verify_test', 'gen_exe_apb_base_test', 'gen_exe_apb_write_verify_error_test', 'gen_exe_apb_random_read_write_override_test']
2024-04-05 12:45:38 - The founded targets are:
 ['gen_exe_apb_write_verify_test', 'gen_exe_apb_base_test', 'gen_exe_apb_write_verify_error_test', 'gen_exe_apb_random_read_write_override_test']
2024-04-05 12:46:02 - The founded targets are:
 ['gen_exe_apb_write_verify_test', 'gen_exe_apb_base_test', 'gen_exe_apb_write_verify_error_test', 'gen_exe_apb_random_read_write_override_test']
2024-04-05 12:46:14 - The founded targets are:
 ['gen_exe_apb_write_verify_test', 'gen_exe_apb_base_test', 'gen_exe_apb_write_verify_error_test', 'gen_exe_apb_random_read_write_override_test']
2024-04-05 12:46:27 - The founded targets are:
 ['gen_exe_apb_write_verify_test', 'gen_exe_apb_base_test', 'gen_exe_apb_write_verify_error_test', 'gen_exe_apb_random_read_write_override_test']
2024-04-05 12:52:48 - The founded targets are:
 ['gen_exe_apb_write_verify_test', 'gen_exe_apb_base_test', 'gen_exe_apb_write_verify_error_test', 'gen_exe_apb_random_read_write_override_test']
2024-04-05 12:57:28 - The founded targets are:
 ['gen_exe_apb_write_verify_test', 'gen_exe_apb_base_test', 'gen_exe_apb_write_verify_error_test', 'gen_exe_apb_random_read_write_override_test']
2024-04-05 12:57:38 - The founded targets are:
 ['gen_exe_apb_write_verify_test', 'gen_exe_apb_base_test', 'gen_exe_apb_write_verify_error_test', 'gen_exe_apb_random_read_write_override_test']
2024-04-05 12:59:45 - The founded targets are:
 ['gen_exe_apb_write_verify_test', 'gen_exe_apb_base_test', 'gen_exe_apb_write_verify_error_test', 'gen_exe_apb_random_read_write_override_test']
2024-04-05 13:02:43 - The founded targets are:
 ['gen_exe_apb_write_verify_test', 'gen_exe_apb_base_test', 'gen_exe_apb_write_verify_error_test', 'gen_exe_apb_random_read_write_override_test']
2024-04-05 13:03:56 - The founded targets are:
 ['gen_exe_apb_write_verify_test', 'gen_exe_apb_base_test', 'gen_exe_apb_write_verify_error_test', 'gen_exe_apb_random_read_write_override_test']
2024-04-05 13:04:05 - The founded targets are:
 ['gen_exe_apb_write_verify_test', 'gen_exe_apb_base_test', 'gen_exe_apb_write_verify_error_test', 'gen_exe_apb_random_read_write_override_test']
2024-04-05 13:04:56 - The founded targets are:
 ['gen_exe_apb_write_verify_test', 'gen_exe_apb_base_test', 'gen_exe_apb_write_verify_error_test', 'gen_exe_apb_random_read_write_override_test']
2024-04-05 13:05:20 - The founded targets are:
 ['gen_exe_apb_write_verify_test', 'gen_exe_apb_base_test', 'gen_exe_apb_write_verify_error_test', 'gen_exe_apb_random_read_write_override_test']
2024-04-05 13:05:56 - The founded targets are:
 ['gen_exe_apb_write_verify_test', 'gen_exe_apb_base_test', 'gen_exe_apb_write_verify_error_test', 'gen_exe_apb_random_read_write_override_test']
2024-04-05 13:11:00 - The founded targets are:
 ['gen_exe_apb_write_verify_test', 'gen_exe_apb_base_test', 'gen_exe_apb_write_verify_error_test', 'gen_exe_apb_random_read_write_override_test']
2024-04-05 13:11:39 - The founded targets are:
 ['gen_exe_apb_write_verify_test', 'gen_exe_apb_base_test', 'gen_exe_apb_write_verify_error_test', 'gen_exe_apb_random_read_write_override_test']
2024-04-05 13:12:05 - The founded targets are:
 ['gen_exe_apb_write_verify_test', 'gen_exe_apb_base_test', 'gen_exe_apb_write_verify_error_test', 'gen_exe_apb_random_read_write_override_test']
2024-04-05 13:14:27 - The founded targets are:
 ['gen_exe_apb_write_verify_test', 'gen_exe_apb_base_test', 'gen_exe_apb_write_verify_error_test', 'gen_exe_apb_random_read_write_override_test']
2024-04-05 13:15:36 - The founded targets are:
 ['gen_exe_apb_write_verify_test', 'gen_exe_apb_base_test', 'gen_exe_apb_write_verify_error_test', 'gen_exe_apb_random_read_write_override_test']
2024-04-05 13:15:51 - The founded targets are:
 ['gen_exe_apb_write_verify_test', 'gen_exe_apb_base_test', 'gen_exe_apb_write_verify_error_test', 'gen_exe_apb_random_read_write_override_test']
2024-04-05 13:22:27 - The founded targets are:
 ['gen_exe_apb_write_verify_test', 'gen_exe_apb_base_test', 'gen_exe_apb_write_verify_error_test', 'gen_exe_apb_random_read_write_override_test']
2024-04-05 13:24:54 - The founded targets are:
 ['gen_exe_apb_write_verify_test', 'gen_exe_apb_base_test', 'gen_exe_apb_write_verify_error_test', 'gen_exe_apb_random_read_write_override_test']
2024-04-05 13:25:03 - The founded targets are:
 ['gen_exe_apb_write_verify_test', 'gen_exe_apb_base_test', 'gen_exe_apb_write_verify_error_test', 'gen_exe_apb_random_read_write_override_test']
2024-04-05 13:27:42 - The founded targets are:
 ['gen_exe_apb_write_verify_test', 'gen_exe_apb_base_test', 'gen_exe_apb_write_verify_error_test', 'gen_exe_apb_random_read_write_override_test']
2024-04-05 13:28:42 - The founded targets are:
 ['gen_exe_apb_write_verify_test', 'gen_exe_apb_base_test', 'gen_exe_apb_write_verify_error_test', 'gen_exe_apb_random_read_write_override_test']
2024-04-05 13:33:21 - The founded targets are:
 ['gen_exe_apb_write_verify_test', 'gen_exe_apb_base_test', 'gen_exe_apb_write_verify_error_test', 'gen_exe_apb_random_read_write_override_test']
2024-04-05 13:33:43 - The founded targets are:
 ['gen_exe_apb_write_verify_test', 'gen_exe_apb_base_test', 'gen_exe_apb_write_verify_error_test', 'gen_exe_apb_random_read_write_override_test']
2024-04-05 14:28:03 - The founded targets are:
 ['gen_exe_apb_write_verify_test', 'gen_exe_apb_base_test', 'gen_exe_apb_write_verify_error_test', 'gen_exe_apb_random_read_write_override_test']
2024-04-05 14:31:00 - The founded targets are:
 ['gen_exe_apb_write_verify_test', 'gen_exe_apb_base_test', 'gen_exe_apb_write_verify_error_test', 'gen_exe_apb_random_read_write_override_test']
2024-04-05 14:33:48 - The founded targets are:
 ['gen_exe_apb_write_verify_test', 'gen_exe_apb_base_test', 'gen_exe_apb_write_verify_error_test', 'gen_exe_apb_random_read_write_override_test']
2024-04-05 14:35:18 - The founded targets are:
 ['gen_exe_apb_write_verify_test', 'gen_exe_apb_base_test', 'gen_exe_apb_write_verify_error_test', 'gen_exe_apb_random_read_write_override_test']
2024-04-05 14:36:25 - The founded targets are:
 ['gen_exe_apb_write_verify_test', 'gen_exe_apb_base_test', 'gen_exe_apb_write_verify_error_test', 'gen_exe_apb_random_read_write_override_test']
2024-04-05 14:39:57 - The founded targets are:
 ['gen_exe_apb_write_verify_test', 'gen_exe_apb_base_test', 'gen_exe_apb_write_verify_error_test', 'gen_exe_apb_random_read_write_override_test']
2024-04-05 14:42:44 - The founded targets are:
 ['gen_exe_apb_write_verify_test', 'gen_exe_apb_base_test', 'gen_exe_apb_write_verify_error_test', 'gen_exe_apb_random_read_write_override_test']
2024-04-05 14:43:04 - The founded targets are:
 ['gen_exe_apb_write_verify_test', 'gen_exe_apb_base_test', 'gen_exe_apb_write_verify_error_test', 'gen_exe_apb_random_read_write_override_test']
2024-04-05 14:44:03 - The founded targets are:
 ['gen_exe_apb_write_verify_test', 'gen_exe_apb_base_test', 'gen_exe_apb_write_verify_error_test', 'gen_exe_apb_random_read_write_override_test']
2024-04-05 14:44:53 - The founded targets are:
 ['gen_exe_apb_write_verify_test', 'gen_exe_apb_base_test', 'gen_exe_apb_write_verify_error_test', 'gen_exe_apb_random_read_write_override_test']
2024-04-05 14:46:05 - The founded targets are:
 ['gen_exe_apb_write_verify_test', 'gen_exe_apb_base_test', 'gen_exe_apb_write_verify_error_test', 'gen_exe_apb_random_read_write_override_test']
2024-04-05 14:46:28 - The founded targets are:
 ['gen_exe_apb_write_verify_test', 'gen_exe_apb_base_test', 'gen_exe_apb_write_verify_error_test', 'gen_exe_apb_random_read_write_override_test']
2024-04-05 14:47:33 - The founded targets are:
 ['gen_exe_apb_write_verify_test', 'gen_exe_apb_base_test', 'gen_exe_apb_write_verify_error_test', 'gen_exe_apb_random_read_write_override_test']
2024-04-05 14:53:52 - The founded targets are:
 ['gen_exe_apb_write_verify_test', 'gen_exe_apb_base_test', 'gen_exe_apb_write_verify_error_test', 'gen_exe_apb_random_read_write_override_test']
2024-04-05 14:54:09 - The founded targets are:
 ['gen_exe_apb_write_verify_test', 'gen_exe_apb_base_test', 'gen_exe_apb_write_verify_error_test', 'gen_exe_apb_random_read_write_override_test']
2024-04-05 15:53:10 - The founded targets are:
 ['gen_exe_apb_write_verify_test', 'gen_exe_apb_base_test', 'gen_exe_apb_write_verify_error_test', 'gen_exe_apb_random_read_write_override_test']
2024-04-05 15:53:42 - The founded targets are:
 ['gen_exe_apb_write_verify_test', 'gen_exe_apb_base_test', 'gen_exe_apb_write_verify_error_test', 'gen_exe_apb_random_read_write_override_test']
2024-04-05 16:04:29 - The founded targets are:
 ['gen_exe_apb_write_verify_test', 'gen_exe_apb_base_test', 'gen_exe_apb_write_verify_error_test', 'gen_exe_apb_random_read_write_override_test']
2024-04-05 16:05:52 - The founded targets are:
 ['gen_exe_apb_write_verify_test', 'gen_exe_apb_base_test', 'gen_exe_apb_write_verify_error_test', 'gen_exe_apb_random_read_write_override_test']
2024-04-05 16:10:12 - The founded targets are:
 ['gen_exe_apb_write_verify_test', 'gen_exe_apb_base_test', 'gen_exe_apb_write_verify_error_test', 'gen_exe_apb_random_read_write_override_test']
2024-04-05 16:20:28 - The founded targets are:
 ['gen_exe_apb_write_verify_test', 'gen_exe_apb_base_test', 'gen_exe_apb_write_verify_error_test', 'gen_exe_apb_random_read_write_override_test']
2024-04-05 16:21:53 - The founded targets are:
 ['gen_exe_apb_write_verify_test', 'gen_exe_apb_base_test', 'gen_exe_apb_write_verify_error_test', 'gen_exe_apb_random_read_write_override_test']
2024-04-05 16:22:27 - The founded targets are:
 ['gen_exe_apb_write_verify_test', 'gen_exe_apb_base_test', 'gen_exe_apb_write_verify_error_test', 'gen_exe_apb_random_read_write_override_test']
2024-04-05 16:22:44 - The founded targets are:
 ['gen_exe_apb_write_verify_test', 'gen_exe_apb_base_test', 'gen_exe_apb_write_verify_error_test', 'gen_exe_apb_random_read_write_override_test']
2024-04-05 16:24:23 - The founded targets are:
 ['gen_exe_apb_write_verify_test', 'gen_exe_apb_base_test', 'gen_exe_apb_write_verify_error_test', 'gen_exe_apb_random_read_write_override_test']
2024-04-05 16:24:29 - The founded targets are:
 ['gen_exe_apb_write_verify_test', 'gen_exe_apb_base_test', 'gen_exe_apb_write_verify_error_test', 'gen_exe_apb_random_read_write_override_test']
2024-04-05 16:27:21 - The founded targets are:
 ['gen_exe_apb_write_verify_test', 'gen_exe_apb_base_test', 'gen_exe_apb_write_verify_error_test', 'gen_exe_apb_random_read_write_override_test']
2024-04-05 16:27:24 - The founded targets are:
 ['gen_exe_apb_write_verify_test', 'gen_exe_apb_base_test', 'gen_exe_apb_write_verify_error_test', 'gen_exe_apb_random_read_write_override_test']
2024-04-05 16:30:55 - The founded targets are:
 ['gen_exe_apb_write_verify_test', 'gen_exe_apb_base_test', 'gen_exe_apb_write_verify_error_test', 'gen_exe_apb_random_read_write_override_test']
2024-04-05 16:31:51 - The founded targets are:
 ['gen_exe_apb_write_verify_test', 'gen_exe_apb_base_test', 'gen_exe_apb_write_verify_error_test', 'gen_exe_apb_random_read_write_override_test']
2024-04-05 16:33:59 - The founded targets are:
 ['gen_exe_apb_write_verify_test', 'gen_exe_apb_base_test', 'gen_exe_apb_write_verify_error_test', 'gen_exe_apb_random_read_write_override_test']
2024-04-05 16:37:06 - The founded targets are:
 ['gen_exe_apb_write_verify_test', 'gen_exe_apb_base_test', 'gen_exe_apb_write_verify_error_test', 'gen_exe_apb_random_read_write_override_test']
2024-04-05 16:37:17 - The founded targets are:
 ['gen_exe_apb_write_verify_test', 'gen_exe_apb_base_test', 'gen_exe_apb_write_verify_error_test', 'gen_exe_apb_random_read_write_override_test']
2024-04-05 16:40:44 - The founded targets are:
 ['gen_exe_apb_write_verify_test', 'gen_exe_apb_base_test', 'gen_exe_apb_write_verify_error_test', 'gen_exe_apb_random_read_write_override_test']
2024-04-05 16:41:03 - The founded targets are:
 ['gen_exe_apb_write_verify_test', 'gen_exe_apb_base_test', 'gen_exe_apb_write_verify_error_test', 'gen_exe_apb_random_read_write_override_test']
2024-04-05 16:41:32 - The founded targets are:
 ['gen_exe_apb_write_verify_test', 'gen_exe_apb_base_test', 'gen_exe_apb_write_verify_error_test', 'gen_exe_apb_random_read_write_override_test']
2024-04-05 16:41:38 - The founded targets are:
 ['gen_exe_apb_write_verify_test', 'gen_exe_apb_base_test', 'gen_exe_apb_write_verify_error_test', 'gen_exe_apb_random_read_write_override_test']
2024-04-05 16:42:19 - The founded targets are:
 ['gen_exe_apb_write_verify_test', 'gen_exe_apb_base_test', 'gen_exe_apb_write_verify_error_test', 'gen_exe_apb_random_read_write_override_test']
2024-04-05 16:42:24 - The founded targets are:
 ['gen_exe_apb_write_verify_test', 'gen_exe_apb_base_test', 'gen_exe_apb_write_verify_error_test', 'gen_exe_apb_random_read_write_override_test']
2024-04-05 16:49:12 - The founded targets are:
 ['gen_exe_apb_write_verify_test', 'gen_exe_apb_base_test', 'gen_exe_apb_write_verify_error_test', 'gen_exe_apb_random_read_write_override_test']
2024-04-05 16:49:31 - The founded targets are:
 ['gen_exe_apb_write_verify_test', 'gen_exe_apb_base_test', 'gen_exe_apb_write_verify_error_test', 'gen_exe_apb_random_read_write_override_test']
2024-04-05 16:49:56 - The founded targets are:
 ['gen_exe_apb_write_verify_test', 'gen_exe_apb_base_test', 'gen_exe_apb_write_verify_error_test', 'gen_exe_apb_random_read_write_override_test']
2024-04-05 16:51:17 - The founded targets are:
 ['gen_exe_apb_write_verify_test', 'gen_exe_apb_base_test', 'gen_exe_apb_write_verify_error_test', 'gen_exe_apb_random_read_write_override_test']
2024-04-05 16:52:00 - The founded targets are:
 ['gen_exe_apb_write_verify_test', 'gen_exe_apb_base_test', 'gen_exe_apb_write_verify_error_test', 'gen_exe_apb_random_read_write_override_test']
2024-04-05 17:06:21 - The founded targets are:
 ['gen_exe_apb_write_verify_test', 'gen_exe_apb_base_test', 'gen_exe_apb_write_verify_error_test', 'gen_exe_apb_random_read_write_override_test']
2024-04-05 17:30:01 - The founded targets are:
 ['gen_exe_apb_write_verify_test', 'gen_exe_apb_base_test', 'gen_exe_apb_write_verify_error_test', 'gen_exe_apb_random_read_write_override_test']
2024-04-05 17:31:07 - The founded targets are:
 ['gen_exe_apb_write_verify_test', 'gen_exe_apb_base_test', 'gen_exe_apb_write_verify_error_test', 'gen_exe_apb_random_read_write_override_test']
2024-04-05 17:31:23 - The founded targets are:
 ['gen_exe_apb_write_verify_test', 'gen_exe_apb_base_test', 'gen_exe_apb_write_verify_error_test', 'gen_exe_apb_random_read_write_override_test']
2024-04-05 17:31:25 - The founded targets are:
 ['gen_exe_apb_write_verify_test', 'gen_exe_apb_base_test', 'gen_exe_apb_write_verify_error_test', 'gen_exe_apb_random_read_write_override_test']
2024-04-05 17:32:05 - The founded targets are:
 ['gen_exe_apb_write_verify_test', 'gen_exe_apb_base_test', 'gen_exe_apb_write_verify_error_test', 'gen_exe_apb_random_read_write_override_test']
2024-04-05 17:32:07 - The founded targets are:
 ['gen_exe_apb_write_verify_test', 'gen_exe_apb_base_test', 'gen_exe_apb_write_verify_error_test', 'gen_exe_apb_random_read_write_override_test']
2024-04-05 17:33:11 - The founded targets are:
 ['gen_exe_apb_write_verify_test', 'gen_exe_apb_base_test', 'gen_exe_apb_write_verify_error_test', 'gen_exe_apb_random_read_write_override_test']
2024-04-05 17:33:44 - The founded targets are:
 ['gen_exe_apb_write_verify_test', 'gen_exe_apb_base_test', 'gen_exe_apb_write_verify_error_test', 'gen_exe_apb_random_read_write_override_test']
2024-04-05 17:33:59 - The founded targets are:
 ['gen_exe_apb_write_verify_test', 'gen_exe_apb_base_test', 'gen_exe_apb_write_verify_error_test', 'gen_exe_apb_random_read_write_override_test']
2024-04-05 17:42:50 - The founded targets are:
 ['gen_exe_apb_write_verify_test', 'gen_exe_apb_base_test', 'gen_exe_apb_write_verify_error_test', 'gen_exe_apb_random_read_write_override_test']
2024-04-05 17:42:55 - The founded targets are:
 ['gen_exe_apb_write_verify_test', 'gen_exe_apb_base_test', 'gen_exe_apb_write_verify_error_test', 'gen_exe_apb_random_read_write_override_test']
2024-04-05 17:44:47 - The founded targets are:
 ['gen_exe_apb_write_verify_test', 'gen_exe_apb_base_test', 'gen_exe_apb_write_verify_error_test', 'gen_exe_apb_random_read_write_override_test']
2024-04-05 17:44:54 - The founded targets are:
 ['gen_exe_apb_write_verify_test', 'gen_exe_apb_base_test', 'gen_exe_apb_write_verify_error_test', 'gen_exe_apb_random_read_write_override_test']
